2004.01.14 21:02:59 Client Notice    Starting daemon...
2004.01.14 21:02:59 Client Notice    My pid (7226) is stored in /var/lib/dibbler/client.pid
2004.01.14 21:02:59 Client Notice    Detected interface: name=sit0,id=3,flags=128
2004.01.14 21:02:59 Client Notice    Detected interface: name=eth0,id=2,flags=4163
2004.01.14 21:02:59 Client Notice    Detected interface: name=lo,id=1,flags=73
2004.01.14 21:02:59 Client Error     Unable to bind socket (iface= 2, addr=, port=546)
2004.01.14 21:02:59 Client Emergency Dibbler - portable DHCPv6, version 0.0.20040114
2004.01.14 21:02:59 Client Emergency authors: Tomasz Mrugalski <thomson@klub.com.pl> engine, doc, Linux port
2004.01.14 21:02:59 Client Emergency          Marek Senderski <msend@o2.pl> engine, winXP port
2004.01.14 21:02:59 Client Emergency Published under GNU GPL v2 or later licence. 
2004.01.14 21:03:00 Client Error     Unable to create a network address structure (addr=ff02:0000:0000:0000:0000:0000:0001:0002)
2004.01.14 21:03:01 Client Error     Unable to create a network address structure (addr=ff02:0000:0000:0000:0000:0000:0001:0002)
2004.01.14 21:03:03 Client Error     Unable to create a network address structure (addr=ff02:0000:0000:0000:0000:0000:0001:0002)
2004.01.14 21:03:07 Client Error     Unable to create a network address structure (addr=ff02:0000:0000:0000:0000:0000:0001:0002)
2004.01.14 21:03:15 Client Error     Unable to create a network address structure (addr=ff02:0000:0000:0000:0000:0000:0001:0002)
2004.01.14 21:03:31 Client Error     Unable to create a network address structure (addr=ff02:0000:0000:0000:0000:0000:0001:0002)
2004.01.14 21:04:02 Client Error     Unable to create a network address structure (addr=ff02:0000:0000:0000:0000:0000:0001:0002)
2004.01.14 21:05:05 Client Error     Unable to create a network address structure (addr=ff02:0000:0000:0000:0000:0000:0001:0002)
2004.01.14 21:06:56 Client Error     Unable to create a network address structure (addr=ff02:0000:0000:0000:0000:0000:0001:0002)
2004.01.14 21:08:52 Client Error     Unable to create a network address structure (addr=ff02:0000:0000:0000:0000:0000:0001:0002)
2004.01.14 21:10:56 Client Error     Unable to create a network address structure (addr=ff02:0000:0000:0000:0000:0000:0001:0002)
2004.01.14 21:12:50 Client Error     Unable to create a network address structure (addr=ff02:0000:0000:0000:0000:0000:0001:0002)
2004.01.14 21:14:40 Client Error     Unable to create a network address structure (addr=ff02:0000:0000:0000:0000:0000:0001:0002)
2004.01.14 21:16:50 Client Error     Unable to create a network address structure (addr=ff02:0000:0000:0000:0000:0000:0001:0002)
2004.01.14 21:18:56 Client Error     Unable to create a network address structure (addr=ff02:0000:0000:0000:0000:0000:0001:0002)
2004.01.14 21:21:03 Client Error     Unable to create a network address structure (addr=ff02:0000:0000:0000:0000:0000:0001:0002)
2004.01.14 21:22:58 Client Error     Unable to create a network address structure (addr=ff02:0000:0000:0000:0000:0000:0001:0002)
2004.01.14 21:24:54 Client Error     Unable to create a network address structure (addr=ff02:0000:0000:0000:0000:0000:0001:0002)
2004.01.14 21:26:59 Client Error     Unable to create a network address structure (addr=ff02:0000:0000:0000:0000:0000:0001:0002)
2004.01.14 21:29:04 Client Error     Unable to create a network address structure (addr=ff02:0000:0000:0000:0000:0000:0001:0002)
2004.01.14 21:30:55 Client Error     Unable to create a network address structure (addr=ff02:0000:0000:0000:0000:0000:0001:0002)
2004.01.14 21:32:46 Client Error     Unable to create a network address structure (addr=ff02:0000:0000:0000:0000:0000:0001:0002)
2004.01.14 21:34:51 Client Error     Unable to create a network address structure (addr=ff02:0000:0000:0000:0000:0000:0001:0002)
2004.01.14 21:36:47 Client Error     Unable to create a network address structure (addr=ff02:0000:0000:0000:0000:0000:0001:0002)
2004.01.14 21:38:44 Client Error     Unable to create a network address structure (addr=ff02:0000:0000:0000:0000:0000:0001:0002)
2004.01.14 21:40:36 Client Error     Unable to create a network address structure (addr=ff02:0000:0000:0000:0000:0000:0001:0002)
2004.01.14 21:42:45 Client Error     Unable to create a network address structure (addr=ff02:0000:0000:0000:0000:0000:0001:0002)
2004.01.14 21:44:45 Client Error     Unable to create a network address structure (addr=ff02:0000:0000:0000:0000:0000:0001:0002)
2004.01.14 21:46:56 Client Error     Unable to create a network address structure (addr=ff02:0000:0000:0000:0000:0000:0001:0002)
2004.01.14 21:48:56 Client Error     Unable to create a network address structure (addr=ff02:0000:0000:0000:0000:0000:0001:0002)
2004.01.14 21:50:46 Client Error     Unable to create a network address structure (addr=ff02:0000:0000:0000:0000:0000:0001:0002)
2004.01.14 21:52:54 Client Error     Unable to create a network address structure (addr=ff02:0000:0000:0000:0000:0000:0001:0002)
2004.01.14 21:54:55 Client Error     Unable to create a network address structure (addr=ff02:0000:0000:0000:0000:0000:0001:0002)
2004.01.14 21:56:57 Client Error     Unable to create a network address structure (addr=ff02:0000:0000:0000:0000:0000:0001:0002)
2004.01.14 21:58:56 Client Error     Unable to create a network address structure (addr=ff02:0000:0000:0000:0000:0000:0001:0002)
2004.01.14 22:00:48 Client Error     Unable to create a network address structure (addr=ff02:0000:0000:0000:0000:0000:0001:0002)
2004.01.14 22:02:56 Client Error     Unable to create a network address structure (addr=ff02:0000:0000:0000:0000:0000:0001:0002)
2004.01.14 22:05:07 Client Error     Unable to create a network address structure (addr=ff02:0000:0000:0000:0000:0000:0001:0002)
2004.01.14 22:06:56 Client Error     Unable to create a network address structure (addr=ff02:0000:0000:0000:0000:0000:0001:0002)
2004.01.14 22:08:54 Client Error     Unable to create a network address structure (addr=ff02:0000:0000:0000:0000:0000:0001:0002)
2004.01.14 22:11:04 Client Error     Unable to create a network address structure (addr=ff02:0000:0000:0000:0000:0000:0001:0002)
2004.01.14 22:13:03 Client Error     Unable to create a network address structure (addr=ff02:0000:0000:0000:0000:0000:0001:0002)
2004.01.14 22:15:14 Client Error     Unable to create a network address structure (addr=ff02:0000:0000:0000:0000:0000:0001:0002)
2004.01.14 22:17:19 Client Error     Unable to create a network address structure (addr=ff02:0000:0000:0000:0000:0000:0001:0002)
2004.01.14 22:19:16 Client Error     Unable to create a network address structure (addr=ff02:0000:0000:0000:0000:0000:0001:0002)
2004.01.14 22:21:20 Client Error     Unable to create a network address structure (addr=ff02:0000:0000:0000:0000:0000:0001:0002)
2004.01.14 22:23:20 Client Error     Unable to create a network address structure (addr=ff02:0000:0000:0000:0000:0000:0001:0002)
2004.01.14 22:25:27 Client Error     Unable to create a network address structure (addr=ff02:0000:0000:0000:0000:0000:0001:0002)
2004.01.14 22:27:31 Client Error     Unable to create a network address structure (addr=ff02:0000:0000:0000:0000:0000:0001:0002)
2004.01.14 22:29:27 Client Error     Unable to create a network address structure (addr=ff02:0000:0000:0000:0000:0000:0001:0002)
2004.01.14 22:31:31 Client Error     Unable to create a network address structure (addr=ff02:0000:0000:0000:0000:0000:0001:0002)
2004.01.14 22:33:35 Client Error     Unable to create a network address structure (addr=ff02:0000:0000:0000:0000:0000:0001:0002)
2004.01.14 22:35:43 Client Error     Unable to create a network address structure (addr=ff02:0000:0000:0000:0000:0000:0001:0002)
2004.01.14 22:37:34 Client Error     Unable to create a network address structure (addr=ff02:0000:0000:0000:0000:0000:0001:0002)
2004.01.14 22:39:44 Client Error     Unable to create a network address structure (addr=ff02:0000:0000:0000:0000:0000:0001:0002)
2004.01.14 22:41:38 Client Error     Unable to create a network address structure (addr=ff02:0000:0000:0000:0000:0000:0001:0002)
2004.01.14 22:43:28 Client Error     Unable to create a network address structure (addr=ff02:0000:0000:0000:0000:0000:0001:0002)
2004.01.14 22:45:30 Client Error     Unable to create a network address structure (addr=ff02:0000:0000:0000:0000:0000:0001:0002)
2004.01.14 22:47:34 Client Error     Unable to create a network address structure (addr=ff02:0000:0000:0000:0000:0000:0001:0002)
2004.01.14 22:49:23 Client Error     Unable to create a network address structure (addr=ff02:0000:0000:0000:0000:0000:0001:0002)
2004.01.14 22:51:24 Client Error     Unable to create a network address structure (addr=ff02:0000:0000:0000:0000:0000:0001:0002)
2004.01.14 22:53:24 Client Error     Unable to create a network address structure (addr=ff02:0000:0000:0000:0000:0000:0001:0002)
2004.01.14 22:55:17 Client Error     Unable to create a network address structure (addr=ff02:0000:0000:0000:0000:0000:0001:0002)
2004.01.14 22:57:07 Client Error     Unable to create a network address structure (addr=ff02:0000:0000:0000:0000:0000:0001:0002)
2004.01.14 22:59:11 Client Error     Unable to create a network address structure (addr=ff02:0000:0000:0000:0000:0000:0001:0002)
2004.01.14 23:01:21 Client Error     Unable to create a network address structure (addr=ff02:0000:0000:0000:0000:0000:0001:0002)
