This file contains any messages produced by compilers while
running configure, to aid debugging if configure makes a mistake.

It was created by dibbler configure 0.8.2, which was
generated by GNU Autoconf 2.68.  Invocation command line was

  $ ./configure 

## --------- ##
## Platform. ##
## --------- ##

hostname = damo-Satellite-L745D
uname -m = x86_64
uname -r = 3.2.0-49-generic
uname -s = Linux
uname -v = #75-Ubuntu SMP Tue Jun 18 17:39:32 UTC 2013

/usr/bin/uname -p = unknown
/bin/uname -X     = unknown

/bin/arch              = unknown
/usr/bin/arch -k       = unknown
/usr/convex/getsysinfo = unknown
/usr/bin/hostinfo      = unknown
/bin/machine           = unknown
/usr/bin/oslevel       = unknown
/bin/universe          = unknown

PATH: /usr/local/sbin
PATH: /usr/local/bin
PATH: /usr/sbin
PATH: /usr/bin
PATH: /sbin
PATH: /bin
PATH: /usr/games


## ----------- ##
## Core tests. ##
## ----------- ##

configure:2741: checking for a BSD-compatible install
configure:2809: result: /usr/bin/install -c
configure:2820: checking whether build environment is sane
configure:2870: result: yes
configure:3011: checking for a thread-safe mkdir -p
configure:3050: result: /bin/mkdir -p
configure:3063: checking for gawk
configure:3093: result: no
configure:3063: checking for mawk
configure:3079: found /usr/bin/mawk
configure:3090: result: mawk
configure:3101: checking whether make sets $(MAKE)
configure:3123: result: yes
configure:3210: checking whether to enable maintainer-specific portions of Makefiles
configure:3219: result: no
configure:3317: checking for g++
configure:3333: found /usr/bin/g++
configure:3344: result: g++
configure:3371: checking for C++ compiler version
configure:3380: g++ --version >&5
g++ (Ubuntu/Linaro 4.6.3-1ubuntu5) 4.6.3
Copyright (C) 2011 Free Software Foundation, Inc.
This is free software; see the source for copying conditions.  There is NO
warranty; not even for MERCHANTABILITY or FITNESS FOR A PARTICULAR PURPOSE.

configure:3391: $? = 0
configure:3380: g++ -v >&5
Using built-in specs.
COLLECT_GCC=g++
COLLECT_LTO_WRAPPER=/usr/lib/gcc/x86_64-linux-gnu/4.6/lto-wrapper
Target: x86_64-linux-gnu
Configured with: ../src/configure -v --with-pkgversion='Ubuntu/Linaro 4.6.3-1ubuntu5' --with-bugurl=file:///usr/share/doc/gcc-4.6/README.Bugs --enable-languages=c,c++,fortran,objc,obj-c++ --prefix=/usr --program-suffix=-4.6 --enable-shared --enable-linker-build-id --with-system-zlib --libexecdir=/usr/lib --without-included-gettext --enable-threads=posix --with-gxx-include-dir=/usr/include/c++/4.6 --libdir=/usr/lib --enable-nls --with-sysroot=/ --enable-clocale=gnu --enable-libstdcxx-debug --enable-libstdcxx-time=yes --enable-gnu-unique-object --enable-plugin --enable-objc-gc --disable-werror --with-arch-32=i686 --with-tune=generic --enable-checking=release --build=x86_64-linux-gnu --host=x86_64-linux-gnu --target=x86_64-linux-gnu
Thread model: posix
gcc version 4.6.3 (Ubuntu/Linaro 4.6.3-1ubuntu5) 
configure:3391: $? = 0
configure:3380: g++ -V >&5
g++: error: unrecognized option '-V'
g++: fatal error: no input files
compilation terminated.
configure:3391: $? = 4
configure:3380: g++ -qversion >&5
g++: error: unrecognized option '-qversion'
g++: fatal error: no input files
compilation terminated.
configure:3391: $? = 4
configure:3411: checking whether the C++ compiler works
configure:3433: g++    conftest.cpp  >&5
configure:3437: $? = 0
configure:3485: result: yes
configure:3488: checking for C++ compiler default output file name
configure:3490: result: a.out
configure:3496: checking for suffix of executables
configure:3503: g++ -o conftest    conftest.cpp  >&5
configure:3507: $? = 0
configure:3529: result: 
configure:3551: checking whether we are cross compiling
configure:3559: g++ -o conftest    conftest.cpp  >&5
configure:3563: $? = 0
configure:3570: ./conftest
configure:3574: $? = 0
configure:3589: result: no
configure:3594: checking for suffix of object files
configure:3616: g++ -c   conftest.cpp >&5
configure:3620: $? = 0
configure:3641: result: o
configure:3645: checking whether we are using the GNU C++ compiler
configure:3664: g++ -c   conftest.cpp >&5
configure:3664: $? = 0
configure:3673: result: yes
configure:3682: checking whether g++ accepts -g
configure:3702: g++ -c -g  conftest.cpp >&5
configure:3702: $? = 0
configure:3743: result: yes
configure:3777: checking for style of include used by make
configure:3805: result: GNU
configure:3830: checking dependency style of g++
configure:3940: result: gcc3
configure:4003: checking for gcc
configure:4019: found /usr/bin/gcc
configure:4030: result: gcc
configure:4259: checking for C compiler version
configure:4268: gcc --version >&5
gcc (Ubuntu/Linaro 4.6.3-1ubuntu5) 4.6.3
Copyright (C) 2011 Free Software Foundation, Inc.
This is free software; see the source for copying conditions.  There is NO
warranty; not even for MERCHANTABILITY or FITNESS FOR A PARTICULAR PURPOSE.

configure:4279: $? = 0
configure:4268: gcc -v >&5
Using built-in specs.
COLLECT_GCC=gcc
COLLECT_LTO_WRAPPER=/usr/lib/gcc/x86_64-linux-gnu/4.6/lto-wrapper
Target: x86_64-linux-gnu
Configured with: ../src/configure -v --with-pkgversion='Ubuntu/Linaro 4.6.3-1ubuntu5' --with-bugurl=file:///usr/share/doc/gcc-4.6/README.Bugs --enable-languages=c,c++,fortran,objc,obj-c++ --prefix=/usr --program-suffix=-4.6 --enable-shared --enable-linker-build-id --with-system-zlib --libexecdir=/usr/lib --without-included-gettext --enable-threads=posix --with-gxx-include-dir=/usr/include/c++/4.6 --libdir=/usr/lib --enable-nls --with-sysroot=/ --enable-clocale=gnu --enable-libstdcxx-debug --enable-libstdcxx-time=yes --enable-gnu-unique-object --enable-plugin --enable-objc-gc --disable-werror --with-arch-32=i686 --with-tune=generic --enable-checking=release --build=x86_64-linux-gnu --host=x86_64-linux-gnu --target=x86_64-linux-gnu
Thread model: posix
gcc version 4.6.3 (Ubuntu/Linaro 4.6.3-1ubuntu5) 
configure:4279: $? = 0
configure:4268: gcc -V >&5
gcc: error: unrecognized option '-V'
gcc: fatal error: no input files
compilation terminated.
configure:4279: $? = 4
configure:4268: gcc -qversion >&5
gcc: error: unrecognized option '-qversion'
gcc: fatal error: no input files
compilation terminated.
configure:4279: $? = 4
configure:4283: checking whether we are using the GNU C compiler
configure:4302: gcc -c   conftest.c >&5
configure:4302: $? = 0
configure:4311: result: yes
configure:4320: checking whether gcc accepts -g
configure:4340: gcc -c -g  conftest.c >&5
configure:4340: $? = 0
configure:4381: result: yes
configure:4398: checking for gcc option to accept ISO C89
configure:4462: gcc  -c -g -O2  conftest.c >&5
configure:4462: $? = 0
configure:4475: result: none needed
configure:4497: checking dependency style of gcc
configure:4607: result: gcc3
configure:4651: checking build system type
configure:4665: result: x86_64-unknown-linux-gnu
configure:4685: checking host system type
configure:4698: result: x86_64-unknown-linux-gnu
configure:4739: checking how to print strings
configure:4766: result: printf
configure:4787: checking for a sed that does not truncate output
configure:4851: result: /bin/sed
configure:4869: checking for grep that handles long lines and -e
configure:4927: result: /bin/grep
configure:4932: checking for egrep
configure:4994: result: /bin/grep -E
configure:4999: checking for fgrep
configure:5061: result: /bin/grep -F
configure:5096: checking for ld used by gcc
configure:5163: result: /usr/bin/ld
configure:5170: checking if the linker (/usr/bin/ld) is GNU ld
configure:5185: result: yes
configure:5197: checking for BSD- or MS-compatible name lister (nm)
configure:5246: result: /usr/bin/nm -B
configure:5376: checking the name lister (/usr/bin/nm -B) interface
configure:5383: g++ -c -g -O2  conftest.cpp >&5
configure:5386: /usr/bin/nm -B "conftest.o"
configure:5389: output
0000000000000000 B some_variable
configure:5396: result: BSD nm
configure:5399: checking whether ln -s works
configure:5403: result: yes
configure:5411: checking the maximum length of command line arguments
configure:5541: result: 1572864
configure:5558: checking whether the shell understands some XSI constructs
configure:5568: result: yes
configure:5572: checking whether the shell understands "+="
configure:5578: result: yes
configure:5613: checking how to convert x86_64-unknown-linux-gnu file names to x86_64-unknown-linux-gnu format
configure:5653: result: func_convert_file_noop
configure:5660: checking how to convert x86_64-unknown-linux-gnu file names to toolchain format
configure:5680: result: func_convert_file_noop
configure:5687: checking for /usr/bin/ld option to reload object files
configure:5694: result: -r
configure:5768: checking for objdump
configure:5784: found /usr/bin/objdump
configure:5795: result: objdump
configure:5827: checking how to recognize dependent libraries
configure:6029: result: pass_all
configure:6114: checking for dlltool
configure:6144: result: no
configure:6174: checking how to associate runtime and link libraries
configure:6201: result: printf %s\n
configure:6262: checking for ar
configure:6278: found /usr/bin/ar
configure:6289: result: ar
configure:6326: checking for archiver @FILE support
configure:6343: g++ -c -g -O2  conftest.cpp >&5
configure:6343: $? = 0
configure:6346: ar cru libconftest.a @conftest.lst >&5
configure:6349: $? = 0
configure:6354: ar cru libconftest.a @conftest.lst >&5
ar: conftest.o: No such file or directory
configure:6357: $? = 1
configure:6369: result: @
configure:6427: checking for strip
configure:6443: found /usr/bin/strip
configure:6454: result: strip
configure:6526: checking for ranlib
configure:6542: found /usr/bin/ranlib
configure:6553: result: ranlib
configure:6655: checking command to parse /usr/bin/nm -B output from gcc object
configure:6775: g++ -c -g -O2  conftest.cpp >&5
configure:6778: $? = 0
configure:6782: /usr/bin/nm -B conftest.o \| sed -n -e 's/^.*[ ]\([ABCDGIRSTW][ABCDGIRSTW]*\)[ ][ ]*\([_A-Za-z][_A-Za-z0-9]*\)$/\1 \2 \2/p' | sed '/ __gnu_lto/d' \> conftest.nm
configure:6785: $? = 0
configure:6851: g++ -o conftest -g -O2   conftest.cpp conftstm.o >&5
configure:6854: $? = 0
configure:6892: result: ok
configure:6929: checking for sysroot
configure:6959: result: no
configure:7037: g++ -c -g -O2  conftest.cpp >&5
configure:7040: $? = 0
configure:7216: checking for mt
configure:7232: found /bin/mt
configure:7243: result: mt
configure:7266: checking if mt is a manifest tool
configure:7272: mt '-?'
configure:7280: result: no
configure:7922: checking how to run the C preprocessor
configure:7953: gcc -E  conftest.c
configure:7953: $? = 0
configure:7967: gcc -E  conftest.c
conftest.c:11:28: fatal error: ac_nonexistent.h: No such file or directory
compilation terminated.
configure:7967: $? = 1
configure: failed program was:
| /* confdefs.h */
| #define PACKAGE_NAME "dibbler"
| #define PACKAGE_TARNAME "dibbler"
| #define PACKAGE_VERSION "0.8.2"
| #define PACKAGE_STRING "dibbler 0.8.2"
| #define PACKAGE_BUGREPORT "dibbler@klub.com.pl"
| #define PACKAGE_URL ""
| #define PACKAGE "dibbler"
| #define VERSION "0.8.2"
| /* end confdefs.h.  */
| #include <ac_nonexistent.h>
configure:7992: result: gcc -E
configure:8012: gcc -E  conftest.c
configure:8012: $? = 0
configure:8026: gcc -E  conftest.c
conftest.c:11:28: fatal error: ac_nonexistent.h: No such file or directory
compilation terminated.
configure:8026: $? = 1
configure: failed program was:
| /* confdefs.h */
| #define PACKAGE_NAME "dibbler"
| #define PACKAGE_TARNAME "dibbler"
| #define PACKAGE_VERSION "0.8.2"
| #define PACKAGE_STRING "dibbler 0.8.2"
| #define PACKAGE_BUGREPORT "dibbler@klub.com.pl"
| #define PACKAGE_URL ""
| #define PACKAGE "dibbler"
| #define VERSION "0.8.2"
| /* end confdefs.h.  */
| #include <ac_nonexistent.h>
configure:8055: checking for ANSI C header files
configure:8075: gcc -c -g -O2  conftest.c >&5
configure:8075: $? = 0
configure:8148: gcc -o conftest -g -O2   conftest.c  >&5
configure:8148: $? = 0
configure:8148: ./conftest
configure:8148: $? = 0
configure:8159: result: yes
configure:8172: checking for sys/types.h
configure:8172: gcc -c -g -O2  conftest.c >&5
configure:8172: $? = 0
configure:8172: result: yes
configure:8172: checking for sys/stat.h
configure:8172: gcc -c -g -O2  conftest.c >&5
configure:8172: $? = 0
configure:8172: result: yes
configure:8172: checking for stdlib.h
configure:8172: gcc -c -g -O2  conftest.c >&5
configure:8172: $? = 0
configure:8172: result: yes
configure:8172: checking for string.h
configure:8172: gcc -c -g -O2  conftest.c >&5
configure:8172: $? = 0
configure:8172: result: yes
configure:8172: checking for memory.h
configure:8172: gcc -c -g -O2  conftest.c >&5
configure:8172: $? = 0
configure:8172: result: yes
configure:8172: checking for strings.h
configure:8172: gcc -c -g -O2  conftest.c >&5
configure:8172: $? = 0
configure:8172: result: yes
configure:8172: checking for inttypes.h
configure:8172: gcc -c -g -O2  conftest.c >&5
configure:8172: $? = 0
configure:8172: result: yes
configure:8172: checking for stdint.h
configure:8172: gcc -c -g -O2  conftest.c >&5
configure:8172: $? = 0
configure:8172: result: yes
configure:8172: checking for unistd.h
configure:8172: gcc -c -g -O2  conftest.c >&5
configure:8172: $? = 0
configure:8172: result: yes
configure:8186: checking for dlfcn.h
configure:8186: gcc -c -g -O2  conftest.c >&5
configure:8186: $? = 0
configure:8186: result: yes
configure:8401: checking for objdir
configure:8416: result: .libs
configure:8683: checking if gcc supports -fno-rtti -fno-exceptions
configure:8701: gcc -c -g -O2  -fno-rtti -fno-exceptions conftest.c >&5
cc1: warning: command line option '-fno-rtti' is valid for C++/ObjC++ but not for C [enabled by default]
configure:8705: $? = 0
configure:8718: result: no
configure:9045: checking for gcc option to produce PIC
configure:9052: result: -fPIC -DPIC
configure:9060: checking if gcc PIC flag -fPIC -DPIC works
configure:9078: gcc -c -g -O2  -fPIC -DPIC -DPIC conftest.c >&5
configure:9082: $? = 0
configure:9095: result: yes
configure:9124: checking if gcc static flag -static works
configure:9152: result: yes
configure:9167: checking if gcc supports -c -o file.o
configure:9188: gcc -c -g -O2  -o out/conftest2.o conftest.c >&5
configure:9192: $? = 0
configure:9214: result: yes
configure:9222: checking if gcc supports -c -o file.o
configure:9269: result: yes
configure:9302: checking whether the gcc linker (/usr/bin/ld -m elf_x86_64) supports shared libraries
configure:10455: result: yes
configure:10695: checking dynamic linker characteristics
configure:11206: gcc -o conftest -g -O2   -Wl,-rpath -Wl,/foo conftest.c  >&5
configure:11206: $? = 0
configure:11428: result: GNU/Linux ld.so
configure:11535: checking how to hardcode library paths into programs
configure:11560: result: immediate
configure:12100: checking whether stripping libraries is possible
configure:12105: result: yes
configure:12140: checking if libtool supports shared libraries
configure:12142: result: yes
configure:12145: checking whether to build shared libraries
configure:12166: result: no
configure:12169: checking whether to build static libraries
configure:12173: result: yes
configure:12196: checking how to run the C++ preprocessor
configure:12223: g++ -E  conftest.cpp
configure:12223: $? = 0
configure:12237: g++ -E  conftest.cpp
conftest.cpp:23:28: fatal error: ac_nonexistent.h: No such file or directory
compilation terminated.
configure:12237: $? = 1
configure: failed program was:
| /* confdefs.h */
| #define PACKAGE_NAME "dibbler"
| #define PACKAGE_TARNAME "dibbler"
| #define PACKAGE_VERSION "0.8.2"
| #define PACKAGE_STRING "dibbler 0.8.2"
| #define PACKAGE_BUGREPORT "dibbler@klub.com.pl"
| #define PACKAGE_URL ""
| #define PACKAGE "dibbler"
| #define VERSION "0.8.2"
| #define STDC_HEADERS 1
| #define HAVE_SYS_TYPES_H 1
| #define HAVE_SYS_STAT_H 1
| #define HAVE_STDLIB_H 1
| #define HAVE_STRING_H 1
| #define HAVE_MEMORY_H 1
| #define HAVE_STRINGS_H 1
| #define HAVE_INTTYPES_H 1
| #define HAVE_STDINT_H 1
| #define HAVE_UNISTD_H 1
| #define HAVE_DLFCN_H 1
| #define LT_OBJDIR ".libs/"
| /* end confdefs.h.  */
| #include <ac_nonexistent.h>
configure:12262: result: g++ -E
configure:12282: g++ -E  conftest.cpp
configure:12282: $? = 0
configure:12296: g++ -E  conftest.cpp
conftest.cpp:23:28: fatal error: ac_nonexistent.h: No such file or directory
compilation terminated.
configure:12296: $? = 1
configure: failed program was:
| /* confdefs.h */
| #define PACKAGE_NAME "dibbler"
| #define PACKAGE_TARNAME "dibbler"
| #define PACKAGE_VERSION "0.8.2"
| #define PACKAGE_STRING "dibbler 0.8.2"
| #define PACKAGE_BUGREPORT "dibbler@klub.com.pl"
| #define PACKAGE_URL ""
| #define PACKAGE "dibbler"
| #define VERSION "0.8.2"
| #define STDC_HEADERS 1
| #define HAVE_SYS_TYPES_H 1
| #define HAVE_SYS_STAT_H 1
| #define HAVE_STDLIB_H 1
| #define HAVE_STRING_H 1
| #define HAVE_MEMORY_H 1
| #define HAVE_STRINGS_H 1
| #define HAVE_INTTYPES_H 1
| #define HAVE_STDINT_H 1
| #define HAVE_UNISTD_H 1
| #define HAVE_DLFCN_H 1
| #define LT_OBJDIR ".libs/"
| /* end confdefs.h.  */
| #include <ac_nonexistent.h>
configure:12465: checking for ld used by g++
configure:12532: result: /usr/bin/ld -m elf_x86_64
configure:12539: checking if the linker (/usr/bin/ld -m elf_x86_64) is GNU ld
configure:12554: result: yes
configure:12609: checking whether the g++ linker (/usr/bin/ld -m elf_x86_64) supports shared libraries
configure:13614: result: yes
configure:13650: g++ -c -g -O2  conftest.cpp >&5
configure:13653: $? = 0
configure:14173: checking for g++ option to produce PIC
configure:14180: result: -fPIC -DPIC
configure:14188: checking if g++ PIC flag -fPIC -DPIC works
configure:14206: g++ -c -g -O2  -fPIC -DPIC -DPIC conftest.cpp >&5
configure:14210: $? = 0
configure:14223: result: yes
configure:14246: checking if g++ static flag -static works
configure:14274: result: yes
configure:14286: checking if g++ supports -c -o file.o
configure:14307: g++ -c -g -O2  -o out/conftest2.o conftest.cpp >&5
configure:14311: $? = 0
configure:14333: result: yes
configure:14338: checking if g++ supports -c -o file.o
configure:14385: result: yes
configure:14415: checking whether the g++ linker (/usr/bin/ld -m elf_x86_64) supports shared libraries
configure:14451: result: yes
configure:14592: checking dynamic linker characteristics
configure:15259: result: GNU/Linux ld.so
configure:15312: checking how to hardcode library paths into programs
configure:15337: result: immediate
configure:15445: checking for strip
configure:15472: result: strip
configure:15495: checking for ANSI C header files
configure:15599: result: yes
configure:15608: checking for size_t
configure:15608: g++ -c -g -O2  conftest.cpp >&5
configure:15608: $? = 0
configure:15608: g++ -c -g -O2  conftest.cpp >&5
conftest.cpp: In function 'int main()':
conftest.cpp:60:20: error: expected primary-expression before ')' token
configure:15608: $? = 1
configure: failed program was:
| /* confdefs.h */
| #define PACKAGE_NAME "dibbler"
| #define PACKAGE_TARNAME "dibbler"
| #define PACKAGE_VERSION "0.8.2"
| #define PACKAGE_STRING "dibbler 0.8.2"
| #define PACKAGE_BUGREPORT "dibbler@klub.com.pl"
| #define PACKAGE_URL ""
| #define PACKAGE "dibbler"
| #define VERSION "0.8.2"
| #define STDC_HEADERS 1
| #define HAVE_SYS_TYPES_H 1
| #define HAVE_SYS_STAT_H 1
| #define HAVE_STDLIB_H 1
| #define HAVE_STRING_H 1
| #define HAVE_MEMORY_H 1
| #define HAVE_STRINGS_H 1
| #define HAVE_INTTYPES_H 1
| #define HAVE_STDINT_H 1
| #define HAVE_UNISTD_H 1
| #define HAVE_DLFCN_H 1
| #define LT_OBJDIR ".libs/"
| #define STDC_HEADERS 1
| /* end confdefs.h.  */
| #include <stdio.h>
| #ifdef HAVE_SYS_TYPES_H
| # include <sys/types.h>
| #endif
| #ifdef HAVE_SYS_STAT_H
| # include <sys/stat.h>
| #endif
| #ifdef STDC_HEADERS
| # include <stdlib.h>
| # include <stddef.h>
| #else
| # ifdef HAVE_STDLIB_H
| #  include <stdlib.h>
| # endif
| #endif
| #ifdef HAVE_STRING_H
| # if !defined STDC_HEADERS && defined HAVE_MEMORY_H
| #  include <memory.h>
| # endif
| # include <string.h>
| #endif
| #ifdef HAVE_STRINGS_H
| # include <strings.h>
| #endif
| #ifdef HAVE_INTTYPES_H
| # include <inttypes.h>
| #endif
| #ifdef HAVE_STDINT_H
| # include <stdint.h>
| #endif
| #ifdef HAVE_UNISTD_H
| # include <unistd.h>
| #endif
| int
| main ()
| {
| if (sizeof ((size_t)))
| 	    return 0;
|   ;
|   return 0;
| }
configure:15608: result: yes
configure:15621: checking for working alloca.h
configure:15638: g++ -o conftest -g -O2   conftest.cpp  >&5
configure:15638: $? = 0
configure:15646: result: yes
configure:15654: checking for alloca
configure:15691: g++ -o conftest -g -O2   conftest.cpp  >&5
configure:15691: $? = 0
configure:15699: result: yes
configure:15811: checking arpa/inet.h usability
configure:15811: g++ -c -g -O2  conftest.cpp >&5
configure:15811: $? = 0
configure:15811: result: yes
configure:15811: checking arpa/inet.h presence
configure:15811: g++ -E  conftest.cpp
configure:15811: $? = 0
configure:15811: result: yes
configure:15811: checking for arpa/inet.h
configure:15811: result: yes
configure:15811: checking fcntl.h usability
configure:15811: g++ -c -g -O2  conftest.cpp >&5
configure:15811: $? = 0
configure:15811: result: yes
configure:15811: checking fcntl.h presence
configure:15811: g++ -E  conftest.cpp
configure:15811: $? = 0
configure:15811: result: yes
configure:15811: checking for fcntl.h
configure:15811: result: yes
configure:15811: checking for inttypes.h
configure:15811: result: yes
configure:15811: checking limits.h usability
configure:15811: g++ -c -g -O2  conftest.cpp >&5
configure:15811: $? = 0
configure:15811: result: yes
configure:15811: checking limits.h presence
configure:15811: g++ -E  conftest.cpp
configure:15811: $? = 0
configure:15811: result: yes
configure:15811: checking for limits.h
configure:15811: result: yes
configure:15811: checking malloc.h usability
configure:15811: g++ -c -g -O2  conftest.cpp >&5
configure:15811: $? = 0
configure:15811: result: yes
configure:15811: checking malloc.h presence
configure:15811: g++ -E  conftest.cpp
configure:15811: $? = 0
configure:15811: result: yes
configure:15811: checking for malloc.h
configure:15811: result: yes
configure:15811: checking netdb.h usability
configure:15811: g++ -c -g -O2  conftest.cpp >&5
configure:15811: $? = 0
configure:15811: result: yes
configure:15811: checking netdb.h presence
configure:15811: g++ -E  conftest.cpp
configure:15811: $? = 0
configure:15811: result: yes
configure:15811: checking for netdb.h
configure:15811: result: yes
configure:15811: checking netinet/in.h usability
configure:15811: g++ -c -g -O2  conftest.cpp >&5
configure:15811: $? = 0
configure:15811: result: yes
configure:15811: checking netinet/in.h presence
configure:15811: g++ -E  conftest.cpp
configure:15811: $? = 0
configure:15811: result: yes
configure:15811: checking for netinet/in.h
configure:15811: result: yes
configure:15811: checking stddef.h usability
configure:15811: g++ -c -g -O2  conftest.cpp >&5
configure:15811: $? = 0
configure:15811: result: yes
configure:15811: checking stddef.h presence
configure:15811: g++ -E  conftest.cpp
configure:15811: $? = 0
configure:15811: result: yes
configure:15811: checking for stddef.h
configure:15811: result: yes
configure:15811: checking for stdint.h
configure:15811: result: yes
configure:15811: checking for stdlib.h
configure:15811: result: yes
configure:15811: checking for string.h
configure:15811: result: yes
configure:15811: checking sys/ioctl.h usability
configure:15811: g++ -c -g -O2  conftest.cpp >&5
configure:15811: $? = 0
configure:15811: result: yes
configure:15811: checking sys/ioctl.h presence
configure:15811: g++ -E  conftest.cpp
configure:15811: $? = 0
configure:15811: result: yes
configure:15811: checking for sys/ioctl.h
configure:15811: result: yes
configure:15811: checking sys/socket.h usability
configure:15811: g++ -c -g -O2  conftest.cpp >&5
configure:15811: $? = 0
configure:15811: result: yes
configure:15811: checking sys/socket.h presence
configure:15811: g++ -E  conftest.cpp
configure:15811: $? = 0
configure:15811: result: yes
configure:15811: checking for sys/socket.h
configure:15811: result: yes
configure:15811: checking sys/time.h usability
configure:15811: g++ -c -g -O2  conftest.cpp >&5
configure:15811: $? = 0
configure:15811: result: yes
configure:15811: checking sys/time.h presence
configure:15811: g++ -E  conftest.cpp
configure:15811: $? = 0
configure:15811: result: yes
configure:15811: checking for sys/time.h
configure:15811: result: yes
configure:15811: checking syslog.h usability
configure:15811: g++ -c -g -O2  conftest.cpp >&5
configure:15811: $? = 0
configure:15811: result: yes
configure:15811: checking syslog.h presence
configure:15811: g++ -E  conftest.cpp
configure:15811: $? = 0
configure:15811: result: yes
configure:15811: checking for syslog.h
configure:15811: result: yes
configure:15811: checking for unistd.h
configure:15811: result: yes
configure:15811: checking wchar.h usability
configure:15811: g++ -c -g -O2  conftest.cpp >&5
configure:15811: $? = 0
configure:15811: result: yes
configure:15811: checking wchar.h presence
configure:15811: g++ -E  conftest.cpp
configure:15811: $? = 0
configure:15811: result: yes
configure:15811: checking for wchar.h
configure:15811: result: yes
configure:15824: checking poll.h usability
configure:15824: g++ -c -g -O2  conftest.cpp >&5
configure:15824: $? = 0
configure:15824: result: yes
configure:15824: checking poll.h presence
configure:15824: g++ -E  conftest.cpp
configure:15824: $? = 0
configure:15824: result: yes
configure:15824: checking for poll.h
configure:15824: result: yes
configure:15824: checking sys/poll.h usability
configure:15824: g++ -c -g -O2  conftest.cpp >&5
configure:15824: $? = 0
configure:15824: result: yes
configure:15824: checking sys/poll.h presence
configure:15824: g++ -E  conftest.cpp
configure:15824: $? = 0
configure:15824: result: yes
configure:15824: checking for sys/poll.h
configure:15824: result: yes
configure:15824: checking winsock2.h usability
configure:15824: g++ -c -g -O2  conftest.cpp >&5
conftest.cpp:78:22: fatal error: winsock2.h: No such file or directory
compilation terminated.
configure:15824: $? = 1
configure: failed program was:
| /* confdefs.h */
| #define PACKAGE_NAME "dibbler"
| #define PACKAGE_TARNAME "dibbler"
| #define PACKAGE_VERSION "0.8.2"
| #define PACKAGE_STRING "dibbler 0.8.2"
| #define PACKAGE_BUGREPORT "dibbler@klub.com.pl"
| #define PACKAGE_URL ""
| #define PACKAGE "dibbler"
| #define VERSION "0.8.2"
| #define STDC_HEADERS 1
| #define HAVE_SYS_TYPES_H 1
| #define HAVE_SYS_STAT_H 1
| #define HAVE_STDLIB_H 1
| #define HAVE_STRING_H 1
| #define HAVE_MEMORY_H 1
| #define HAVE_STRINGS_H 1
| #define HAVE_INTTYPES_H 1
| #define HAVE_STDINT_H 1
| #define HAVE_UNISTD_H 1
| #define HAVE_DLFCN_H 1
| #define LT_OBJDIR ".libs/"
| #define STDC_HEADERS 1
| #define HAVE_ALLOCA_H 1
| #define HAVE_ALLOCA 1
| #define HAVE_ARPA_INET_H 1
| #define HAVE_FCNTL_H 1
| #define HAVE_INTTYPES_H 1
| #define HAVE_LIMITS_H 1
| #define HAVE_MALLOC_H 1
| #define HAVE_NETDB_H 1
| #define HAVE_NETINET_IN_H 1
| #define HAVE_STDDEF_H 1
| #define HAVE_STDINT_H 1
| #define HAVE_STDLIB_H 1
| #define HAVE_STRING_H 1
| #define HAVE_SYS_IOCTL_H 1
| #define HAVE_SYS_SOCKET_H 1
| #define HAVE_SYS_TIME_H 1
| #define HAVE_SYSLOG_H 1
| #define HAVE_UNISTD_H 1
| #define HAVE_WCHAR_H 1
| #define HAVE_POLL_H 1
| #define HAVE_SYS_POLL_H 1
| /* end confdefs.h.  */
| #include <stdio.h>
| #ifdef HAVE_SYS_TYPES_H
| # include <sys/types.h>
| #endif
| #ifdef HAVE_SYS_STAT_H
| # include <sys/stat.h>
| #endif
| #ifdef STDC_HEADERS
| # include <stdlib.h>
| # include <stddef.h>
| #else
| # ifdef HAVE_STDLIB_H
| #  include <stdlib.h>
| # endif
| #endif
| #ifdef HAVE_STRING_H
| # if !defined STDC_HEADERS && defined HAVE_MEMORY_H
| #  include <memory.h>
| # endif
| # include <string.h>
| #endif
| #ifdef HAVE_STRINGS_H
| # include <strings.h>
| #endif
| #ifdef HAVE_INTTYPES_H
| # include <inttypes.h>
| #endif
| #ifdef HAVE_STDINT_H
| # include <stdint.h>
| #endif
| #ifdef HAVE_UNISTD_H
| # include <unistd.h>
| #endif
| #include <winsock2.h>
configure:15824: result: no
configure:15824: checking winsock2.h presence
configure:15824: g++ -E  conftest.cpp
conftest.cpp:45:22: fatal error: winsock2.h: No such file or directory
compilation terminated.
configure:15824: $? = 1
configure: failed program was:
| /* confdefs.h */
| #define PACKAGE_NAME "dibbler"
| #define PACKAGE_TARNAME "dibbler"
| #define PACKAGE_VERSION "0.8.2"
| #define PACKAGE_STRING "dibbler 0.8.2"
| #define PACKAGE_BUGREPORT "dibbler@klub.com.pl"
| #define PACKAGE_URL ""
| #define PACKAGE "dibbler"
| #define VERSION "0.8.2"
| #define STDC_HEADERS 1
| #define HAVE_SYS_TYPES_H 1
| #define HAVE_SYS_STAT_H 1
| #define HAVE_STDLIB_H 1
| #define HAVE_STRING_H 1
| #define HAVE_MEMORY_H 1
| #define HAVE_STRINGS_H 1
| #define HAVE_INTTYPES_H 1
| #define HAVE_STDINT_H 1
| #define HAVE_UNISTD_H 1
| #define HAVE_DLFCN_H 1
| #define LT_OBJDIR ".libs/"
| #define STDC_HEADERS 1
| #define HAVE_ALLOCA_H 1
| #define HAVE_ALLOCA 1
| #define HAVE_ARPA_INET_H 1
| #define HAVE_FCNTL_H 1
| #define HAVE_INTTYPES_H 1
| #define HAVE_LIMITS_H 1
| #define HAVE_MALLOC_H 1
| #define HAVE_NETDB_H 1
| #define HAVE_NETINET_IN_H 1
| #define HAVE_STDDEF_H 1
| #define HAVE_STDINT_H 1
| #define HAVE_STDLIB_H 1
| #define HAVE_STRING_H 1
| #define HAVE_SYS_IOCTL_H 1
| #define HAVE_SYS_SOCKET_H 1
| #define HAVE_SYS_TIME_H 1
| #define HAVE_SYSLOG_H 1
| #define HAVE_UNISTD_H 1
| #define HAVE_WCHAR_H 1
| #define HAVE_POLL_H 1
| #define HAVE_SYS_POLL_H 1
| /* end confdefs.h.  */
| #include <winsock2.h>
configure:15824: result: no
configure:15824: checking for winsock2.h
configure:15824: result: no
configure:15824: checking sys/select.h usability
configure:15824: g++ -c -g -O2  conftest.cpp >&5
configure:15824: $? = 0
configure:15824: result: yes
configure:15824: checking sys/select.h presence
configure:15824: g++ -E  conftest.cpp
configure:15824: $? = 0
configure:15824: result: yes
configure:15824: checking for sys/select.h
configure:15824: result: yes
configure:15837: checking slist usability
configure:15837: g++ -c -g -O2  conftest.cpp >&5
conftest.cpp:79:17: fatal error: slist: No such file or directory
compilation terminated.
configure:15837: $? = 1
configure: failed program was:
| /* confdefs.h */
| #define PACKAGE_NAME "dibbler"
| #define PACKAGE_TARNAME "dibbler"
| #define PACKAGE_VERSION "0.8.2"
| #define PACKAGE_STRING "dibbler 0.8.2"
| #define PACKAGE_BUGREPORT "dibbler@klub.com.pl"
| #define PACKAGE_URL ""
| #define PACKAGE "dibbler"
| #define VERSION "0.8.2"
| #define STDC_HEADERS 1
| #define HAVE_SYS_TYPES_H 1
| #define HAVE_SYS_STAT_H 1
| #define HAVE_STDLIB_H 1
| #define HAVE_STRING_H 1
| #define HAVE_MEMORY_H 1
| #define HAVE_STRINGS_H 1
| #define HAVE_INTTYPES_H 1
| #define HAVE_STDINT_H 1
| #define HAVE_UNISTD_H 1
| #define HAVE_DLFCN_H 1
| #define LT_OBJDIR ".libs/"
| #define STDC_HEADERS 1
| #define HAVE_ALLOCA_H 1
| #define HAVE_ALLOCA 1
| #define HAVE_ARPA_INET_H 1
| #define HAVE_FCNTL_H 1
| #define HAVE_INTTYPES_H 1
| #define HAVE_LIMITS_H 1
| #define HAVE_MALLOC_H 1
| #define HAVE_NETDB_H 1
| #define HAVE_NETINET_IN_H 1
| #define HAVE_STDDEF_H 1
| #define HAVE_STDINT_H 1
| #define HAVE_STDLIB_H 1
| #define HAVE_STRING_H 1
| #define HAVE_SYS_IOCTL_H 1
| #define HAVE_SYS_SOCKET_H 1
| #define HAVE_SYS_TIME_H 1
| #define HAVE_SYSLOG_H 1
| #define HAVE_UNISTD_H 1
| #define HAVE_WCHAR_H 1
| #define HAVE_POLL_H 1
| #define HAVE_SYS_POLL_H 1
| #define HAVE_SYS_SELECT_H 1
| /* end confdefs.h.  */
| #include <stdio.h>
| #ifdef HAVE_SYS_TYPES_H
| # include <sys/types.h>
| #endif
| #ifdef HAVE_SYS_STAT_H
| # include <sys/stat.h>
| #endif
| #ifdef STDC_HEADERS
| # include <stdlib.h>
| # include <stddef.h>
| #else
| # ifdef HAVE_STDLIB_H
| #  include <stdlib.h>
| # endif
| #endif
| #ifdef HAVE_STRING_H
| # if !defined STDC_HEADERS && defined HAVE_MEMORY_H
| #  include <memory.h>
| # endif
| # include <string.h>
| #endif
| #ifdef HAVE_STRINGS_H
| # include <strings.h>
| #endif
| #ifdef HAVE_INTTYPES_H
| # include <inttypes.h>
| #endif
| #ifdef HAVE_STDINT_H
| # include <stdint.h>
| #endif
| #ifdef HAVE_UNISTD_H
| # include <unistd.h>
| #endif
| #include <slist>
configure:15837: result: no
configure:15837: checking slist presence
configure:15837: g++ -E  conftest.cpp
conftest.cpp:46:17: fatal error: slist: No such file or directory
compilation terminated.
configure:15837: $? = 1
configure: failed program was:
| /* confdefs.h */
| #define PACKAGE_NAME "dibbler"
| #define PACKAGE_TARNAME "dibbler"
| #define PACKAGE_VERSION "0.8.2"
| #define PACKAGE_STRING "dibbler 0.8.2"
| #define PACKAGE_BUGREPORT "dibbler@klub.com.pl"
| #define PACKAGE_URL ""
| #define PACKAGE "dibbler"
| #define VERSION "0.8.2"
| #define STDC_HEADERS 1
| #define HAVE_SYS_TYPES_H 1
| #define HAVE_SYS_STAT_H 1
| #define HAVE_STDLIB_H 1
| #define HAVE_STRING_H 1
| #define HAVE_MEMORY_H 1
| #define HAVE_STRINGS_H 1
| #define HAVE_INTTYPES_H 1
| #define HAVE_STDINT_H 1
| #define HAVE_UNISTD_H 1
| #define HAVE_DLFCN_H 1
| #define LT_OBJDIR ".libs/"
| #define STDC_HEADERS 1
| #define HAVE_ALLOCA_H 1
| #define HAVE_ALLOCA 1
| #define HAVE_ARPA_INET_H 1
| #define HAVE_FCNTL_H 1
| #define HAVE_INTTYPES_H 1
| #define HAVE_LIMITS_H 1
| #define HAVE_MALLOC_H 1
| #define HAVE_NETDB_H 1
| #define HAVE_NETINET_IN_H 1
| #define HAVE_STDDEF_H 1
| #define HAVE_STDINT_H 1
| #define HAVE_STDLIB_H 1
| #define HAVE_STRING_H 1
| #define HAVE_SYS_IOCTL_H 1
| #define HAVE_SYS_SOCKET_H 1
| #define HAVE_SYS_TIME_H 1
| #define HAVE_SYSLOG_H 1
| #define HAVE_UNISTD_H 1
| #define HAVE_WCHAR_H 1
| #define HAVE_POLL_H 1
| #define HAVE_SYS_POLL_H 1
| #define HAVE_SYS_SELECT_H 1
| /* end confdefs.h.  */
| #include <slist>
configure:15837: result: no
configure:15837: checking for slist
configure:15837: result: no
configure:15837: checking ext/slist usability
configure:15837: g++ -c -g -O2  conftest.cpp >&5
configure:15837: $? = 0
configure:15837: result: yes
configure:15837: checking ext/slist presence
configure:15837: g++ -E  conftest.cpp
configure:15837: $? = 0
configure:15837: result: yes
configure:15837: checking for ext/slist
configure:15837: result: yes
configure:15855: checking whether IPV6_PKTINFO is declared
configure:15855: g++ -c -g -O2  conftest.cpp >&5
configure:15855: $? = 0
configure:15855: result: yes
configure:15871: checking whether IPV6_RECVPKTINFO is declared
configure:15871: g++ -c -g -O2  conftest.cpp >&5
configure:15871: $? = 0
configure:15871: result: yes
configure:15889: checking for stdbool.h that conforms to C99
configure:15956: g++ -c -g -O2  conftest.cpp >&5
configure:15956: $? = 0
configure:15963: result: yes
configure:15965: checking for _Bool
configure:15965: g++ -c -g -O2  conftest.cpp >&5
conftest.cpp: In function 'int main()':
conftest.cpp:86:13: error: '_Bool' was not declared in this scope
configure:15965: $? = 1
configure: failed program was:
| /* confdefs.h */
| #define PACKAGE_NAME "dibbler"
| #define PACKAGE_TARNAME "dibbler"
| #define PACKAGE_VERSION "0.8.2"
| #define PACKAGE_STRING "dibbler 0.8.2"
| #define PACKAGE_BUGREPORT "dibbler@klub.com.pl"
| #define PACKAGE_URL ""
| #define PACKAGE "dibbler"
| #define VERSION "0.8.2"
| #define STDC_HEADERS 1
| #define HAVE_SYS_TYPES_H 1
| #define HAVE_SYS_STAT_H 1
| #define HAVE_STDLIB_H 1
| #define HAVE_STRING_H 1
| #define HAVE_MEMORY_H 1
| #define HAVE_STRINGS_H 1
| #define HAVE_INTTYPES_H 1
| #define HAVE_STDINT_H 1
| #define HAVE_UNISTD_H 1
| #define HAVE_DLFCN_H 1
| #define LT_OBJDIR ".libs/"
| #define STDC_HEADERS 1
| #define HAVE_ALLOCA_H 1
| #define HAVE_ALLOCA 1
| #define HAVE_ARPA_INET_H 1
| #define HAVE_FCNTL_H 1
| #define HAVE_INTTYPES_H 1
| #define HAVE_LIMITS_H 1
| #define HAVE_MALLOC_H 1
| #define HAVE_NETDB_H 1
| #define HAVE_NETINET_IN_H 1
| #define HAVE_STDDEF_H 1
| #define HAVE_STDINT_H 1
| #define HAVE_STDLIB_H 1
| #define HAVE_STRING_H 1
| #define HAVE_SYS_IOCTL_H 1
| #define HAVE_SYS_SOCKET_H 1
| #define HAVE_SYS_TIME_H 1
| #define HAVE_SYSLOG_H 1
| #define HAVE_UNISTD_H 1
| #define HAVE_WCHAR_H 1
| #define HAVE_POLL_H 1
| #define HAVE_SYS_POLL_H 1
| #define HAVE_SYS_SELECT_H 1
| #define HAVE_EXT_SLIST 1
| #define HAVE_POLL 1
| #define HAVE_DECL_IPV6_PKTINFO 1
| #define HAVE_DECL_IPV6_RECVPKTINFO 1
| /* end confdefs.h.  */
| #include <stdio.h>
| #ifdef HAVE_SYS_TYPES_H
| # include <sys/types.h>
| #endif
| #ifdef HAVE_SYS_STAT_H
| # include <sys/stat.h>
| #endif
| #ifdef STDC_HEADERS
| # include <stdlib.h>
| # include <stddef.h>
| #else
| # ifdef HAVE_STDLIB_H
| #  include <stdlib.h>
| # endif
| #endif
| #ifdef HAVE_STRING_H
| # if !defined STDC_HEADERS && defined HAVE_MEMORY_H
| #  include <memory.h>
| # endif
| # include <string.h>
| #endif
| #ifdef HAVE_STRINGS_H
| # include <strings.h>
| #endif
| #ifdef HAVE_INTTYPES_H
| # include <inttypes.h>
| #endif
| #ifdef HAVE_STDINT_H
| # include <stdint.h>
| #endif
| #ifdef HAVE_UNISTD_H
| # include <unistd.h>
| #endif
| int
| main ()
| {
| if (sizeof (_Bool))
| 	 return 0;
|   ;
|   return 0;
| }
configure:15965: result: no
configure:15981: checking for inline
configure:15997: g++ -c -g -O2  conftest.cpp >&5
configure:15997: $? = 0
configure:16005: result: inline
configure:16023: checking for int16_t
configure:16023: g++ -c -g -O2  conftest.cpp >&5
configure:16023: $? = 0
configure:16023: g++ -c -g -O2  conftest.cpp >&5
conftest.cpp: In function 'int main()':
conftest.cpp:89:58: error: size of array 'test_array' is negative
configure:16023: $? = 1
configure: failed program was:
| /* confdefs.h */
| #define PACKAGE_NAME "dibbler"
| #define PACKAGE_TARNAME "dibbler"
| #define PACKAGE_VERSION "0.8.2"
| #define PACKAGE_STRING "dibbler 0.8.2"
| #define PACKAGE_BUGREPORT "dibbler@klub.com.pl"
| #define PACKAGE_URL ""
| #define PACKAGE "dibbler"
| #define VERSION "0.8.2"
| #define STDC_HEADERS 1
| #define HAVE_SYS_TYPES_H 1
| #define HAVE_SYS_STAT_H 1
| #define HAVE_STDLIB_H 1
| #define HAVE_STRING_H 1
| #define HAVE_MEMORY_H 1
| #define HAVE_STRINGS_H 1
| #define HAVE_INTTYPES_H 1
| #define HAVE_STDINT_H 1
| #define HAVE_UNISTD_H 1
| #define HAVE_DLFCN_H 1
| #define LT_OBJDIR ".libs/"
| #define STDC_HEADERS 1
| #define HAVE_ALLOCA_H 1
| #define HAVE_ALLOCA 1
| #define HAVE_ARPA_INET_H 1
| #define HAVE_FCNTL_H 1
| #define HAVE_INTTYPES_H 1
| #define HAVE_LIMITS_H 1
| #define HAVE_MALLOC_H 1
| #define HAVE_NETDB_H 1
| #define HAVE_NETINET_IN_H 1
| #define HAVE_STDDEF_H 1
| #define HAVE_STDINT_H 1
| #define HAVE_STDLIB_H 1
| #define HAVE_STRING_H 1
| #define HAVE_SYS_IOCTL_H 1
| #define HAVE_SYS_SOCKET_H 1
| #define HAVE_SYS_TIME_H 1
| #define HAVE_SYSLOG_H 1
| #define HAVE_UNISTD_H 1
| #define HAVE_WCHAR_H 1
| #define HAVE_POLL_H 1
| #define HAVE_SYS_POLL_H 1
| #define HAVE_SYS_SELECT_H 1
| #define HAVE_EXT_SLIST 1
| #define HAVE_POLL 1
| #define HAVE_DECL_IPV6_PKTINFO 1
| #define HAVE_DECL_IPV6_RECVPKTINFO 1
| #define HAVE_STDBOOL_H 1
| /* end confdefs.h.  */
| #include <stdio.h>
| #ifdef HAVE_SYS_TYPES_H
| # include <sys/types.h>
| #endif
| #ifdef HAVE_SYS_STAT_H
| # include <sys/stat.h>
| #endif
| #ifdef STDC_HEADERS
| # include <stdlib.h>
| # include <stddef.h>
| #else
| # ifdef HAVE_STDLIB_H
| #  include <stdlib.h>
| # endif
| #endif
| #ifdef HAVE_STRING_H
| # if !defined STDC_HEADERS && defined HAVE_MEMORY_H
| #  include <memory.h>
| # endif
| # include <string.h>
| #endif
| #ifdef HAVE_STRINGS_H
| # include <strings.h>
| #endif
| #ifdef HAVE_INTTYPES_H
| # include <inttypes.h>
| #endif
| #ifdef HAVE_STDINT_H
| # include <stdint.h>
| #endif
| #ifdef HAVE_UNISTD_H
| # include <unistd.h>
| #endif
| 	        enum { N = 16 / 2 - 1 };
| int
| main ()
| {
| static int test_array [1 - 2 * !((int16_t) (((((int16_t) 1 << N) << N) - 1) * 2 + 1)
| 		 < (int16_t) (((((int16_t) 1 << N) << N) - 1) * 2 + 2))];
| test_array [0] = 0
| 
|   ;
|   return 0;
| }
configure:16023: result: yes
configure:16034: checking for int32_t
configure:16034: g++ -c -g -O2  conftest.cpp >&5
configure:16034: $? = 0
configure:16034: g++ -c -g -O2  conftest.cpp >&5
conftest.cpp: In function 'int main()':
conftest.cpp:89:55: warning: integer overflow in expression [-Woverflow]
conftest.cpp:89:58: error: size of array 'test_array' is negative
configure:16034: $? = 1
configure: failed program was:
| /* confdefs.h */
| #define PACKAGE_NAME "dibbler"
| #define PACKAGE_TARNAME "dibbler"
| #define PACKAGE_VERSION "0.8.2"
| #define PACKAGE_STRING "dibbler 0.8.2"
| #define PACKAGE_BUGREPORT "dibbler@klub.com.pl"
| #define PACKAGE_URL ""
| #define PACKAGE "dibbler"
| #define VERSION "0.8.2"
| #define STDC_HEADERS 1
| #define HAVE_SYS_TYPES_H 1
| #define HAVE_SYS_STAT_H 1
| #define HAVE_STDLIB_H 1
| #define HAVE_STRING_H 1
| #define HAVE_MEMORY_H 1
| #define HAVE_STRINGS_H 1
| #define HAVE_INTTYPES_H 1
| #define HAVE_STDINT_H 1
| #define HAVE_UNISTD_H 1
| #define HAVE_DLFCN_H 1
| #define LT_OBJDIR ".libs/"
| #define STDC_HEADERS 1
| #define HAVE_ALLOCA_H 1
| #define HAVE_ALLOCA 1
| #define HAVE_ARPA_INET_H 1
| #define HAVE_FCNTL_H 1
| #define HAVE_INTTYPES_H 1
| #define HAVE_LIMITS_H 1
| #define HAVE_MALLOC_H 1
| #define HAVE_NETDB_H 1
| #define HAVE_NETINET_IN_H 1
| #define HAVE_STDDEF_H 1
| #define HAVE_STDINT_H 1
| #define HAVE_STDLIB_H 1
| #define HAVE_STRING_H 1
| #define HAVE_SYS_IOCTL_H 1
| #define HAVE_SYS_SOCKET_H 1
| #define HAVE_SYS_TIME_H 1
| #define HAVE_SYSLOG_H 1
| #define HAVE_UNISTD_H 1
| #define HAVE_WCHAR_H 1
| #define HAVE_POLL_H 1
| #define HAVE_SYS_POLL_H 1
| #define HAVE_SYS_SELECT_H 1
| #define HAVE_EXT_SLIST 1
| #define HAVE_POLL 1
| #define HAVE_DECL_IPV6_PKTINFO 1
| #define HAVE_DECL_IPV6_RECVPKTINFO 1
| #define HAVE_STDBOOL_H 1
| /* end confdefs.h.  */
| #include <stdio.h>
| #ifdef HAVE_SYS_TYPES_H
| # include <sys/types.h>
| #endif
| #ifdef HAVE_SYS_STAT_H
| # include <sys/stat.h>
| #endif
| #ifdef STDC_HEADERS
| # include <stdlib.h>
| # include <stddef.h>
| #else
| # ifdef HAVE_STDLIB_H
| #  include <stdlib.h>
| # endif
| #endif
| #ifdef HAVE_STRING_H
| # if !defined STDC_HEADERS && defined HAVE_MEMORY_H
| #  include <memory.h>
| # endif
| # include <string.h>
| #endif
| #ifdef HAVE_STRINGS_H
| # include <strings.h>
| #endif
| #ifdef HAVE_INTTYPES_H
| # include <inttypes.h>
| #endif
| #ifdef HAVE_STDINT_H
| # include <stdint.h>
| #endif
| #ifdef HAVE_UNISTD_H
| # include <unistd.h>
| #endif
| 	        enum { N = 32 / 2 - 1 };
| int
| main ()
| {
| static int test_array [1 - 2 * !((int32_t) (((((int32_t) 1 << N) << N) - 1) * 2 + 1)
| 		 < (int32_t) (((((int32_t) 1 << N) << N) - 1) * 2 + 2))];
| test_array [0] = 0
| 
|   ;
|   return 0;
| }
configure:16034: result: yes
configure:16045: checking for int8_t
configure:16045: g++ -c -g -O2  conftest.cpp >&5
configure:16045: $? = 0
configure:16045: g++ -c -g -O2  conftest.cpp >&5
conftest.cpp: In function 'int main()':
conftest.cpp:89:56: error: size of array 'test_array' is negative
configure:16045: $? = 1
configure: failed program was:
| /* confdefs.h */
| #define PACKAGE_NAME "dibbler"
| #define PACKAGE_TARNAME "dibbler"
| #define PACKAGE_VERSION "0.8.2"
| #define PACKAGE_STRING "dibbler 0.8.2"
| #define PACKAGE_BUGREPORT "dibbler@klub.com.pl"
| #define PACKAGE_URL ""
| #define PACKAGE "dibbler"
| #define VERSION "0.8.2"
| #define STDC_HEADERS 1
| #define HAVE_SYS_TYPES_H 1
| #define HAVE_SYS_STAT_H 1
| #define HAVE_STDLIB_H 1
| #define HAVE_STRING_H 1
| #define HAVE_MEMORY_H 1
| #define HAVE_STRINGS_H 1
| #define HAVE_INTTYPES_H 1
| #define HAVE_STDINT_H 1
| #define HAVE_UNISTD_H 1
| #define HAVE_DLFCN_H 1
| #define LT_OBJDIR ".libs/"
| #define STDC_HEADERS 1
| #define HAVE_ALLOCA_H 1
| #define HAVE_ALLOCA 1
| #define HAVE_ARPA_INET_H 1
| #define HAVE_FCNTL_H 1
| #define HAVE_INTTYPES_H 1
| #define HAVE_LIMITS_H 1
| #define HAVE_MALLOC_H 1
| #define HAVE_NETDB_H 1
| #define HAVE_NETINET_IN_H 1
| #define HAVE_STDDEF_H 1
| #define HAVE_STDINT_H 1
| #define HAVE_STDLIB_H 1
| #define HAVE_STRING_H 1
| #define HAVE_SYS_IOCTL_H 1
| #define HAVE_SYS_SOCKET_H 1
| #define HAVE_SYS_TIME_H 1
| #define HAVE_SYSLOG_H 1
| #define HAVE_UNISTD_H 1
| #define HAVE_WCHAR_H 1
| #define HAVE_POLL_H 1
| #define HAVE_SYS_POLL_H 1
| #define HAVE_SYS_SELECT_H 1
| #define HAVE_EXT_SLIST 1
| #define HAVE_POLL 1
| #define HAVE_DECL_IPV6_PKTINFO 1
| #define HAVE_DECL_IPV6_RECVPKTINFO 1
| #define HAVE_STDBOOL_H 1
| /* end confdefs.h.  */
| #include <stdio.h>
| #ifdef HAVE_SYS_TYPES_H
| # include <sys/types.h>
| #endif
| #ifdef HAVE_SYS_STAT_H
| # include <sys/stat.h>
| #endif
| #ifdef STDC_HEADERS
| # include <stdlib.h>
| # include <stddef.h>
| #else
| # ifdef HAVE_STDLIB_H
| #  include <stdlib.h>
| # endif
| #endif
| #ifdef HAVE_STRING_H
| # if !defined STDC_HEADERS && defined HAVE_MEMORY_H
| #  include <memory.h>
| # endif
| # include <string.h>
| #endif
| #ifdef HAVE_STRINGS_H
| # include <strings.h>
| #endif
| #ifdef HAVE_INTTYPES_H
| # include <inttypes.h>
| #endif
| #ifdef HAVE_STDINT_H
| # include <stdint.h>
| #endif
| #ifdef HAVE_UNISTD_H
| # include <unistd.h>
| #endif
| 	        enum { N = 8 / 2 - 1 };
| int
| main ()
| {
| static int test_array [1 - 2 * !((int8_t) (((((int8_t) 1 << N) << N) - 1) * 2 + 1)
| 		 < (int8_t) (((((int8_t) 1 << N) << N) - 1) * 2 + 2))];
| test_array [0] = 0
| 
|   ;
|   return 0;
| }
configure:16045: result: yes
configure:16056: checking for pid_t
configure:16056: g++ -c -g -O2  conftest.cpp >&5
configure:16056: $? = 0
configure:16056: g++ -c -g -O2  conftest.cpp >&5
conftest.cpp: In function 'int main()':
conftest.cpp:87:19: error: expected primary-expression before ')' token
configure:16056: $? = 1
configure: failed program was:
| /* confdefs.h */
| #define PACKAGE_NAME "dibbler"
| #define PACKAGE_TARNAME "dibbler"
| #define PACKAGE_VERSION "0.8.2"
| #define PACKAGE_STRING "dibbler 0.8.2"
| #define PACKAGE_BUGREPORT "dibbler@klub.com.pl"
| #define PACKAGE_URL ""
| #define PACKAGE "dibbler"
| #define VERSION "0.8.2"
| #define STDC_HEADERS 1
| #define HAVE_SYS_TYPES_H 1
| #define HAVE_SYS_STAT_H 1
| #define HAVE_STDLIB_H 1
| #define HAVE_STRING_H 1
| #define HAVE_MEMORY_H 1
| #define HAVE_STRINGS_H 1
| #define HAVE_INTTYPES_H 1
| #define HAVE_STDINT_H 1
| #define HAVE_UNISTD_H 1
| #define HAVE_DLFCN_H 1
| #define LT_OBJDIR ".libs/"
| #define STDC_HEADERS 1
| #define HAVE_ALLOCA_H 1
| #define HAVE_ALLOCA 1
| #define HAVE_ARPA_INET_H 1
| #define HAVE_FCNTL_H 1
| #define HAVE_INTTYPES_H 1
| #define HAVE_LIMITS_H 1
| #define HAVE_MALLOC_H 1
| #define HAVE_NETDB_H 1
| #define HAVE_NETINET_IN_H 1
| #define HAVE_STDDEF_H 1
| #define HAVE_STDINT_H 1
| #define HAVE_STDLIB_H 1
| #define HAVE_STRING_H 1
| #define HAVE_SYS_IOCTL_H 1
| #define HAVE_SYS_SOCKET_H 1
| #define HAVE_SYS_TIME_H 1
| #define HAVE_SYSLOG_H 1
| #define HAVE_UNISTD_H 1
| #define HAVE_WCHAR_H 1
| #define HAVE_POLL_H 1
| #define HAVE_SYS_POLL_H 1
| #define HAVE_SYS_SELECT_H 1
| #define HAVE_EXT_SLIST 1
| #define HAVE_POLL 1
| #define HAVE_DECL_IPV6_PKTINFO 1
| #define HAVE_DECL_IPV6_RECVPKTINFO 1
| #define HAVE_STDBOOL_H 1
| /* end confdefs.h.  */
| #include <stdio.h>
| #ifdef HAVE_SYS_TYPES_H
| # include <sys/types.h>
| #endif
| #ifdef HAVE_SYS_STAT_H
| # include <sys/stat.h>
| #endif
| #ifdef STDC_HEADERS
| # include <stdlib.h>
| # include <stddef.h>
| #else
| # ifdef HAVE_STDLIB_H
| #  include <stdlib.h>
| # endif
| #endif
| #ifdef HAVE_STRING_H
| # if !defined STDC_HEADERS && defined HAVE_MEMORY_H
| #  include <memory.h>
| # endif
| # include <string.h>
| #endif
| #ifdef HAVE_STRINGS_H
| # include <strings.h>
| #endif
| #ifdef HAVE_INTTYPES_H
| # include <inttypes.h>
| #endif
| #ifdef HAVE_STDINT_H
| # include <stdint.h>
| #endif
| #ifdef HAVE_UNISTD_H
| # include <unistd.h>
| #endif
| int
| main ()
| {
| if (sizeof ((pid_t)))
| 	    return 0;
|   ;
|   return 0;
| }
configure:16056: result: yes
configure:16067: checking for C/C++ restrict keyword
configure:16092: g++ -c -g -O2  conftest.cpp >&5
configure:16092: $? = 0
configure:16100: result: __restrict
configure:16113: checking for size_t
configure:16113: result: yes
configure:16124: checking for ssize_t
configure:16124: g++ -c -g -O2  conftest.cpp >&5
configure:16124: $? = 0
configure:16124: g++ -c -g -O2  conftest.cpp >&5
conftest.cpp: In function 'int main()':
conftest.cpp:88:21: error: expected primary-expression before ')' token
configure:16124: $? = 1
configure: failed program was:
| /* confdefs.h */
| #define PACKAGE_NAME "dibbler"
| #define PACKAGE_TARNAME "dibbler"
| #define PACKAGE_VERSION "0.8.2"
| #define PACKAGE_STRING "dibbler 0.8.2"
| #define PACKAGE_BUGREPORT "dibbler@klub.com.pl"
| #define PACKAGE_URL ""
| #define PACKAGE "dibbler"
| #define VERSION "0.8.2"
| #define STDC_HEADERS 1
| #define HAVE_SYS_TYPES_H 1
| #define HAVE_SYS_STAT_H 1
| #define HAVE_STDLIB_H 1
| #define HAVE_STRING_H 1
| #define HAVE_MEMORY_H 1
| #define HAVE_STRINGS_H 1
| #define HAVE_INTTYPES_H 1
| #define HAVE_STDINT_H 1
| #define HAVE_UNISTD_H 1
| #define HAVE_DLFCN_H 1
| #define LT_OBJDIR ".libs/"
| #define STDC_HEADERS 1
| #define HAVE_ALLOCA_H 1
| #define HAVE_ALLOCA 1
| #define HAVE_ARPA_INET_H 1
| #define HAVE_FCNTL_H 1
| #define HAVE_INTTYPES_H 1
| #define HAVE_LIMITS_H 1
| #define HAVE_MALLOC_H 1
| #define HAVE_NETDB_H 1
| #define HAVE_NETINET_IN_H 1
| #define HAVE_STDDEF_H 1
| #define HAVE_STDINT_H 1
| #define HAVE_STDLIB_H 1
| #define HAVE_STRING_H 1
| #define HAVE_SYS_IOCTL_H 1
| #define HAVE_SYS_SOCKET_H 1
| #define HAVE_SYS_TIME_H 1
| #define HAVE_SYSLOG_H 1
| #define HAVE_UNISTD_H 1
| #define HAVE_WCHAR_H 1
| #define HAVE_POLL_H 1
| #define HAVE_SYS_POLL_H 1
| #define HAVE_SYS_SELECT_H 1
| #define HAVE_EXT_SLIST 1
| #define HAVE_POLL 1
| #define HAVE_DECL_IPV6_PKTINFO 1
| #define HAVE_DECL_IPV6_RECVPKTINFO 1
| #define HAVE_STDBOOL_H 1
| #define restrict __restrict
| /* end confdefs.h.  */
| #include <stdio.h>
| #ifdef HAVE_SYS_TYPES_H
| # include <sys/types.h>
| #endif
| #ifdef HAVE_SYS_STAT_H
| # include <sys/stat.h>
| #endif
| #ifdef STDC_HEADERS
| # include <stdlib.h>
| # include <stddef.h>
| #else
| # ifdef HAVE_STDLIB_H
| #  include <stdlib.h>
| # endif
| #endif
| #ifdef HAVE_STRING_H
| # if !defined STDC_HEADERS && defined HAVE_MEMORY_H
| #  include <memory.h>
| # endif
| # include <string.h>
| #endif
| #ifdef HAVE_STRINGS_H
| # include <strings.h>
| #endif
| #ifdef HAVE_INTTYPES_H
| # include <inttypes.h>
| #endif
| #ifdef HAVE_STDINT_H
| # include <stdint.h>
| #endif
| #ifdef HAVE_UNISTD_H
| # include <unistd.h>
| #endif
| int
| main ()
| {
| if (sizeof ((ssize_t)))
| 	    return 0;
|   ;
|   return 0;
| }
configure:16124: result: yes
configure:16135: checking for uint16_t
configure:16135: g++ -c -g -O2  conftest.cpp >&5
configure:16135: $? = 0
configure:16135: result: yes
configure:16147: checking for uint32_t
configure:16147: g++ -c -g -O2  conftest.cpp >&5
configure:16147: $? = 0
configure:16147: result: yes
configure:16161: checking for uint64_t
configure:16161: g++ -c -g -O2  conftest.cpp >&5
configure:16161: $? = 0
configure:16161: result: yes
configure:16175: checking for uint8_t
configure:16175: g++ -c -g -O2  conftest.cpp >&5
configure:16175: $? = 0
configure:16175: result: yes
configure:16193: checking vfork.h usability
configure:16193: g++ -c -g -O2  conftest.cpp >&5
conftest.cpp:85:19: fatal error: vfork.h: No such file or directory
compilation terminated.
configure:16193: $? = 1
configure: failed program was:
| /* confdefs.h */
| #define PACKAGE_NAME "dibbler"
| #define PACKAGE_TARNAME "dibbler"
| #define PACKAGE_VERSION "0.8.2"
| #define PACKAGE_STRING "dibbler 0.8.2"
| #define PACKAGE_BUGREPORT "dibbler@klub.com.pl"
| #define PACKAGE_URL ""
| #define PACKAGE "dibbler"
| #define VERSION "0.8.2"
| #define STDC_HEADERS 1
| #define HAVE_SYS_TYPES_H 1
| #define HAVE_SYS_STAT_H 1
| #define HAVE_STDLIB_H 1
| #define HAVE_STRING_H 1
| #define HAVE_MEMORY_H 1
| #define HAVE_STRINGS_H 1
| #define HAVE_INTTYPES_H 1
| #define HAVE_STDINT_H 1
| #define HAVE_UNISTD_H 1
| #define HAVE_DLFCN_H 1
| #define LT_OBJDIR ".libs/"
| #define STDC_HEADERS 1
| #define HAVE_ALLOCA_H 1
| #define HAVE_ALLOCA 1
| #define HAVE_ARPA_INET_H 1
| #define HAVE_FCNTL_H 1
| #define HAVE_INTTYPES_H 1
| #define HAVE_LIMITS_H 1
| #define HAVE_MALLOC_H 1
| #define HAVE_NETDB_H 1
| #define HAVE_NETINET_IN_H 1
| #define HAVE_STDDEF_H 1
| #define HAVE_STDINT_H 1
| #define HAVE_STDLIB_H 1
| #define HAVE_STRING_H 1
| #define HAVE_SYS_IOCTL_H 1
| #define HAVE_SYS_SOCKET_H 1
| #define HAVE_SYS_TIME_H 1
| #define HAVE_SYSLOG_H 1
| #define HAVE_UNISTD_H 1
| #define HAVE_WCHAR_H 1
| #define HAVE_POLL_H 1
| #define HAVE_SYS_POLL_H 1
| #define HAVE_SYS_SELECT_H 1
| #define HAVE_EXT_SLIST 1
| #define HAVE_POLL 1
| #define HAVE_DECL_IPV6_PKTINFO 1
| #define HAVE_DECL_IPV6_RECVPKTINFO 1
| #define HAVE_STDBOOL_H 1
| #define restrict __restrict
| /* end confdefs.h.  */
| #include <stdio.h>
| #ifdef HAVE_SYS_TYPES_H
| # include <sys/types.h>
| #endif
| #ifdef HAVE_SYS_STAT_H
| # include <sys/stat.h>
| #endif
| #ifdef STDC_HEADERS
| # include <stdlib.h>
| # include <stddef.h>
| #else
| # ifdef HAVE_STDLIB_H
| #  include <stdlib.h>
| # endif
| #endif
| #ifdef HAVE_STRING_H
| # if !defined STDC_HEADERS && defined HAVE_MEMORY_H
| #  include <memory.h>
| # endif
| # include <string.h>
| #endif
| #ifdef HAVE_STRINGS_H
| # include <strings.h>
| #endif
| #ifdef HAVE_INTTYPES_H
| # include <inttypes.h>
| #endif
| #ifdef HAVE_STDINT_H
| # include <stdint.h>
| #endif
| #ifdef HAVE_UNISTD_H
| # include <unistd.h>
| #endif
| #include <vfork.h>
configure:16193: result: no
configure:16193: checking vfork.h presence
configure:16193: g++ -E  conftest.cpp
conftest.cpp:52:19: fatal error: vfork.h: No such file or directory
compilation terminated.
configure:16193: $? = 1
configure: failed program was:
| /* confdefs.h */
| #define PACKAGE_NAME "dibbler"
| #define PACKAGE_TARNAME "dibbler"
| #define PACKAGE_VERSION "0.8.2"
| #define PACKAGE_STRING "dibbler 0.8.2"
| #define PACKAGE_BUGREPORT "dibbler@klub.com.pl"
| #define PACKAGE_URL ""
| #define PACKAGE "dibbler"
| #define VERSION "0.8.2"
| #define STDC_HEADERS 1
| #define HAVE_SYS_TYPES_H 1
| #define HAVE_SYS_STAT_H 1
| #define HAVE_STDLIB_H 1
| #define HAVE_STRING_H 1
| #define HAVE_MEMORY_H 1
| #define HAVE_STRINGS_H 1
| #define HAVE_INTTYPES_H 1
| #define HAVE_STDINT_H 1
| #define HAVE_UNISTD_H 1
| #define HAVE_DLFCN_H 1
| #define LT_OBJDIR ".libs/"
| #define STDC_HEADERS 1
| #define HAVE_ALLOCA_H 1
| #define HAVE_ALLOCA 1
| #define HAVE_ARPA_INET_H 1
| #define HAVE_FCNTL_H 1
| #define HAVE_INTTYPES_H 1
| #define HAVE_LIMITS_H 1
| #define HAVE_MALLOC_H 1
| #define HAVE_NETDB_H 1
| #define HAVE_NETINET_IN_H 1
| #define HAVE_STDDEF_H 1
| #define HAVE_STDINT_H 1
| #define HAVE_STDLIB_H 1
| #define HAVE_STRING_H 1
| #define HAVE_SYS_IOCTL_H 1
| #define HAVE_SYS_SOCKET_H 1
| #define HAVE_SYS_TIME_H 1
| #define HAVE_SYSLOG_H 1
| #define HAVE_UNISTD_H 1
| #define HAVE_WCHAR_H 1
| #define HAVE_POLL_H 1
| #define HAVE_SYS_POLL_H 1
| #define HAVE_SYS_SELECT_H 1
| #define HAVE_EXT_SLIST 1
| #define HAVE_POLL 1
| #define HAVE_DECL_IPV6_PKTINFO 1
| #define HAVE_DECL_IPV6_RECVPKTINFO 1
| #define HAVE_STDBOOL_H 1
| #define restrict __restrict
| /* end confdefs.h.  */
| #include <vfork.h>
configure:16193: result: no
configure:16193: checking for vfork.h
configure:16193: result: no
configure:16206: checking for fork
configure:16206: g++ -o conftest -g -O2   conftest.cpp  >&5
configure:16206: $? = 0
configure:16206: result: yes
configure:16206: checking for vfork
configure:16206: g++ -o conftest -g -O2   conftest.cpp  >&5
configure:16206: $? = 0
configure:16206: result: yes
configure:16216: checking for working fork
configure:16238: g++ -o conftest -g -O2   conftest.cpp  >&5
configure:16238: $? = 0
configure:16238: ./conftest
configure:16238: $? = 0
configure:16248: result: yes
configure:16269: checking for working vfork
configure:16379: result: yes
configure:16406: checking for stdlib.h
configure:16406: result: yes
configure:16416: checking for GNU libc compatible malloc
configure:16440: g++ -o conftest -g -O2   conftest.cpp  >&5
configure:16440: $? = 0
configure:16440: ./conftest
configure:16440: $? = 0
configure:16450: result: yes
configure:16473: checking for stdlib.h
configure:16473: result: yes
configure:16483: checking for GNU libc compatible realloc
configure:16507: g++ -o conftest -g -O2   conftest.cpp  >&5
configure:16507: $? = 0
configure:16507: ./conftest
configure:16507: $? = 0
configure:16517: result: yes
configure:16541: checking for bzero
configure:16541: g++ -o conftest -g -O2   conftest.cpp  >&5
configure:16541: $? = 0
configure:16541: result: yes
configure:16541: checking for gethostbyaddr
configure:16541: g++ -o conftest -g -O2   conftest.cpp  >&5
configure:16541: $? = 0
configure:16541: result: yes
configure:16541: checking for gethostname
configure:16541: g++ -o conftest -g -O2   conftest.cpp  >&5
configure:16541: $? = 0
configure:16541: result: yes
configure:16541: checking for gethostbyname
configure:16541: g++ -o conftest -g -O2   conftest.cpp  >&5
configure:16541: $? = 0
configure:16541: result: yes
configure:16541: checking for gettimeofday
configure:16541: g++ -o conftest -g -O2   conftest.cpp  >&5
configure:16541: $? = 0
configure:16541: result: yes
configure:16541: checking for inet_ntoa
configure:16541: g++ -o conftest -g -O2   conftest.cpp  >&5
configure:16541: $? = 0
configure:16541: result: yes
configure:16541: checking for inet_aton
configure:16541: g++ -o conftest -g -O2   conftest.cpp  >&5
configure:16541: $? = 0
configure:16541: result: yes
configure:16541: checking for memchr
configure:16541: g++ -o conftest -g -O2   conftest.cpp  >&5
configure:16541: $? = 0
configure:16541: result: yes
configure:16541: checking for memmove
configure:16541: g++ -o conftest -g -O2   conftest.cpp  >&5
configure:16541: $? = 0
configure:16541: result: yes
configure:16541: checking for memset
configure:16541: g++ -o conftest -g -O2   conftest.cpp  >&5
configure:16541: $? = 0
configure:16541: result: yes
configure:16541: checking for select
configure:16541: g++ -o conftest -g -O2   conftest.cpp  >&5
configure:16541: $? = 0
configure:16541: result: yes
configure:16541: checking for socket
configure:16541: g++ -o conftest -g -O2   conftest.cpp  >&5
configure:16541: $? = 0
configure:16541: result: yes
configure:16541: checking for strcasecmp
configure:16541: g++ -o conftest -g -O2   conftest.cpp  >&5
configure:16541: $? = 0
configure:16541: result: yes
configure:16541: checking for strchr
configure:16541: g++ -o conftest -g -O2   conftest.cpp  >&5
configure:16541: $? = 0
configure:16541: result: yes
configure:16541: checking for strdup
configure:16541: g++ -o conftest -g -O2   conftest.cpp  >&5
configure:16541: $? = 0
configure:16541: result: yes
configure:16541: checking for strerror
configure:16541: g++ -o conftest -g -O2   conftest.cpp  >&5
configure:16541: $? = 0
configure:16541: result: yes
configure:16541: checking for strncasecmp
configure:16541: g++ -o conftest -g -O2   conftest.cpp  >&5
configure:16541: $? = 0
configure:16541: result: yes
configure:16541: checking for strstr
configure:16541: g++ -o conftest -g -O2   conftest.cpp  >&5
configure:16541: $? = 0
configure:16541: result: yes
configure:16541: checking for strtol
configure:16541: g++ -o conftest -g -O2   conftest.cpp  >&5
configure:16541: $? = 0
configure:16541: result: yes
configure:16541: checking for strtoul
configure:16541: g++ -o conftest -g -O2   conftest.cpp  >&5
configure:16541: $? = 0
configure:16541: result: yes
configure:16601: checking for vsnprintf
configure:16616: g++ -c   conftest.cpp >&5
configure:16616: $? = 0
configure:16617: result: yes
configure:16778: checking for struct sockaddr_in6
configure:16794: g++ -c   conftest.cpp >&5
configure:16794: $? = 0
configure:16795: result: yes
configure:16802: checking whether struct sockaddr_in6 has a sin6_len field
configure:16818: g++ -c   conftest.cpp >&5
conftest.cpp: In function 'int main()':
conftest.cpp:89:56: error: 'struct sockaddr_in6' has no member named 'sin6_len'
configure:16818: $? = 1
configure: failed program was:
| /* confdefs.h */
| #define PACKAGE_NAME "dibbler"
| #define PACKAGE_TARNAME "dibbler"
| #define PACKAGE_VERSION "0.8.2"
| #define PACKAGE_STRING "dibbler 0.8.2"
| #define PACKAGE_BUGREPORT "dibbler@klub.com.pl"
| #define PACKAGE_URL ""
| #define PACKAGE "dibbler"
| #define VERSION "0.8.2"
| #define STDC_HEADERS 1
| #define HAVE_SYS_TYPES_H 1
| #define HAVE_SYS_STAT_H 1
| #define HAVE_STDLIB_H 1
| #define HAVE_STRING_H 1
| #define HAVE_MEMORY_H 1
| #define HAVE_STRINGS_H 1
| #define HAVE_INTTYPES_H 1
| #define HAVE_STDINT_H 1
| #define HAVE_UNISTD_H 1
| #define HAVE_DLFCN_H 1
| #define LT_OBJDIR ".libs/"
| #define STDC_HEADERS 1
| #define HAVE_ALLOCA_H 1
| #define HAVE_ALLOCA 1
| #define HAVE_ARPA_INET_H 1
| #define HAVE_FCNTL_H 1
| #define HAVE_INTTYPES_H 1
| #define HAVE_LIMITS_H 1
| #define HAVE_MALLOC_H 1
| #define HAVE_NETDB_H 1
| #define HAVE_NETINET_IN_H 1
| #define HAVE_STDDEF_H 1
| #define HAVE_STDINT_H 1
| #define HAVE_STDLIB_H 1
| #define HAVE_STRING_H 1
| #define HAVE_SYS_IOCTL_H 1
| #define HAVE_SYS_SOCKET_H 1
| #define HAVE_SYS_TIME_H 1
| #define HAVE_SYSLOG_H 1
| #define HAVE_UNISTD_H 1
| #define HAVE_WCHAR_H 1
| #define HAVE_POLL_H 1
| #define HAVE_SYS_POLL_H 1
| #define HAVE_SYS_SELECT_H 1
| #define HAVE_EXT_SLIST 1
| #define HAVE_POLL 1
| #define HAVE_DECL_IPV6_PKTINFO 1
| #define HAVE_DECL_IPV6_RECVPKTINFO 1
| #define HAVE_STDBOOL_H 1
| #define restrict __restrict
| #define HAVE_FORK 1
| #define HAVE_VFORK 1
| #define HAVE_WORKING_VFORK 1
| #define HAVE_WORKING_FORK 1
| #define HAVE_STDLIB_H 1
| #define HAVE_MALLOC 1
| #define HAVE_STDLIB_H 1
| #define HAVE_REALLOC 1
| #define HAVE_BZERO 1
| #define HAVE_GETHOSTBYADDR 1
| #define HAVE_GETHOSTNAME 1
| #define HAVE_GETHOSTBYNAME 1
| #define HAVE_GETTIMEOFDAY 1
| #define HAVE_INET_NTOA 1
| #define HAVE_INET_ATON 1
| #define HAVE_MEMCHR 1
| #define HAVE_MEMMOVE 1
| #define HAVE_MEMSET 1
| #define HAVE_SELECT 1
| #define HAVE_SOCKET 1
| #define HAVE_STRCASECMP 1
| #define HAVE_STRCHR 1
| #define HAVE_STRDUP 1
| #define HAVE_STRERROR 1
| #define HAVE_STRNCASECMP 1
| #define HAVE_STRSTR 1
| #define HAVE_STRTOL 1
| #define HAVE_STRTOUL 1
| #define HAVE_VSNPRINTF 1
| #define HAVE_IPV6 1
| /* end confdefs.h.  */
| #include <sys/types.h>
|      #include <netinet/in.h>
|      #include <sys/socket.h>
| 
| int
| main ()
| {
| static struct sockaddr_in6 ac_i;int ac_j = sizeof(ac_i.sin6_len);
|   ;
|   return 0;
| }
configure:16825: result: no
configure:16831: checking whether struct sockaddr_storage has a __ss_family field
configure:16847: g++ -c   conftest.cpp >&5
conftest.cpp: In function 'int main()':
conftest.cpp:89:60: error: 'struct sockaddr_storage' has no member named '__ss_family'
configure:16847: $? = 1
configure: failed program was:
| /* confdefs.h */
| #define PACKAGE_NAME "dibbler"
| #define PACKAGE_TARNAME "dibbler"
| #define PACKAGE_VERSION "0.8.2"
| #define PACKAGE_STRING "dibbler 0.8.2"
| #define PACKAGE_BUGREPORT "dibbler@klub.com.pl"
| #define PACKAGE_URL ""
| #define PACKAGE "dibbler"
| #define VERSION "0.8.2"
| #define STDC_HEADERS 1
| #define HAVE_SYS_TYPES_H 1
| #define HAVE_SYS_STAT_H 1
| #define HAVE_STDLIB_H 1
| #define HAVE_STRING_H 1
| #define HAVE_MEMORY_H 1
| #define HAVE_STRINGS_H 1
| #define HAVE_INTTYPES_H 1
| #define HAVE_STDINT_H 1
| #define HAVE_UNISTD_H 1
| #define HAVE_DLFCN_H 1
| #define LT_OBJDIR ".libs/"
| #define STDC_HEADERS 1
| #define HAVE_ALLOCA_H 1
| #define HAVE_ALLOCA 1
| #define HAVE_ARPA_INET_H 1
| #define HAVE_FCNTL_H 1
| #define HAVE_INTTYPES_H 1
| #define HAVE_LIMITS_H 1
| #define HAVE_MALLOC_H 1
| #define HAVE_NETDB_H 1
| #define HAVE_NETINET_IN_H 1
| #define HAVE_STDDEF_H 1
| #define HAVE_STDINT_H 1
| #define HAVE_STDLIB_H 1
| #define HAVE_STRING_H 1
| #define HAVE_SYS_IOCTL_H 1
| #define HAVE_SYS_SOCKET_H 1
| #define HAVE_SYS_TIME_H 1
| #define HAVE_SYSLOG_H 1
| #define HAVE_UNISTD_H 1
| #define HAVE_WCHAR_H 1
| #define HAVE_POLL_H 1
| #define HAVE_SYS_POLL_H 1
| #define HAVE_SYS_SELECT_H 1
| #define HAVE_EXT_SLIST 1
| #define HAVE_POLL 1
| #define HAVE_DECL_IPV6_PKTINFO 1
| #define HAVE_DECL_IPV6_RECVPKTINFO 1
| #define HAVE_STDBOOL_H 1
| #define restrict __restrict
| #define HAVE_FORK 1
| #define HAVE_VFORK 1
| #define HAVE_WORKING_VFORK 1
| #define HAVE_WORKING_FORK 1
| #define HAVE_STDLIB_H 1
| #define HAVE_MALLOC 1
| #define HAVE_STDLIB_H 1
| #define HAVE_REALLOC 1
| #define HAVE_BZERO 1
| #define HAVE_GETHOSTBYADDR 1
| #define HAVE_GETHOSTNAME 1
| #define HAVE_GETHOSTBYNAME 1
| #define HAVE_GETTIMEOFDAY 1
| #define HAVE_INET_NTOA 1
| #define HAVE_INET_ATON 1
| #define HAVE_MEMCHR 1
| #define HAVE_MEMMOVE 1
| #define HAVE_MEMSET 1
| #define HAVE_SELECT 1
| #define HAVE_SOCKET 1
| #define HAVE_STRCASECMP 1
| #define HAVE_STRCHR 1
| #define HAVE_STRDUP 1
| #define HAVE_STRERROR 1
| #define HAVE_STRNCASECMP 1
| #define HAVE_STRSTR 1
| #define HAVE_STRTOL 1
| #define HAVE_STRTOUL 1
| #define HAVE_VSNPRINTF 1
| #define HAVE_IPV6 1
| /* end confdefs.h.  */
| #include <sys/types.h>
|      #include <netinet/in.h>
|      #include <sys/socket.h>
| 
| int
| main ()
| {
| static struct sockaddr_storage ac_i;int ac_j = sizeof(ac_i.__ss_family);
|   ;
|   return 0;
| }
configure:16854: result: no
configure:16865: checking for struct sockaddr_storage
configure:16886: g++ -c   conftest.cpp >&5
configure:16886: $? = 0
configure:16887: result: yes
configure:16899: checking whether struct sockaddr_in has a sin_len field
configure:16914: g++ -c   conftest.cpp >&5
conftest.cpp: In function 'int main()':
conftest.cpp:89:55: error: 'struct sockaddr_in' has no member named 'sin_len'
configure:16914: $? = 1
configure: failed program was:
| /* confdefs.h */
| #define PACKAGE_NAME "dibbler"
| #define PACKAGE_TARNAME "dibbler"
| #define PACKAGE_VERSION "0.8.2"
| #define PACKAGE_STRING "dibbler 0.8.2"
| #define PACKAGE_BUGREPORT "dibbler@klub.com.pl"
| #define PACKAGE_URL ""
| #define PACKAGE "dibbler"
| #define VERSION "0.8.2"
| #define STDC_HEADERS 1
| #define HAVE_SYS_TYPES_H 1
| #define HAVE_SYS_STAT_H 1
| #define HAVE_STDLIB_H 1
| #define HAVE_STRING_H 1
| #define HAVE_MEMORY_H 1
| #define HAVE_STRINGS_H 1
| #define HAVE_INTTYPES_H 1
| #define HAVE_STDINT_H 1
| #define HAVE_UNISTD_H 1
| #define HAVE_DLFCN_H 1
| #define LT_OBJDIR ".libs/"
| #define STDC_HEADERS 1
| #define HAVE_ALLOCA_H 1
| #define HAVE_ALLOCA 1
| #define HAVE_ARPA_INET_H 1
| #define HAVE_FCNTL_H 1
| #define HAVE_INTTYPES_H 1
| #define HAVE_LIMITS_H 1
| #define HAVE_MALLOC_H 1
| #define HAVE_NETDB_H 1
| #define HAVE_NETINET_IN_H 1
| #define HAVE_STDDEF_H 1
| #define HAVE_STDINT_H 1
| #define HAVE_STDLIB_H 1
| #define HAVE_STRING_H 1
| #define HAVE_SYS_IOCTL_H 1
| #define HAVE_SYS_SOCKET_H 1
| #define HAVE_SYS_TIME_H 1
| #define HAVE_SYSLOG_H 1
| #define HAVE_UNISTD_H 1
| #define HAVE_WCHAR_H 1
| #define HAVE_POLL_H 1
| #define HAVE_SYS_POLL_H 1
| #define HAVE_SYS_SELECT_H 1
| #define HAVE_EXT_SLIST 1
| #define HAVE_POLL 1
| #define HAVE_DECL_IPV6_PKTINFO 1
| #define HAVE_DECL_IPV6_RECVPKTINFO 1
| #define HAVE_STDBOOL_H 1
| #define restrict __restrict
| #define HAVE_FORK 1
| #define HAVE_VFORK 1
| #define HAVE_WORKING_VFORK 1
| #define HAVE_WORKING_FORK 1
| #define HAVE_STDLIB_H 1
| #define HAVE_MALLOC 1
| #define HAVE_STDLIB_H 1
| #define HAVE_REALLOC 1
| #define HAVE_BZERO 1
| #define HAVE_GETHOSTBYADDR 1
| #define HAVE_GETHOSTNAME 1
| #define HAVE_GETHOSTBYNAME 1
| #define HAVE_GETTIMEOFDAY 1
| #define HAVE_INET_NTOA 1
| #define HAVE_INET_ATON 1
| #define HAVE_MEMCHR 1
| #define HAVE_MEMMOVE 1
| #define HAVE_MEMSET 1
| #define HAVE_SELECT 1
| #define HAVE_SOCKET 1
| #define HAVE_STRCASECMP 1
| #define HAVE_STRCHR 1
| #define HAVE_STRDUP 1
| #define HAVE_STRERROR 1
| #define HAVE_STRNCASECMP 1
| #define HAVE_STRSTR 1
| #define HAVE_STRTOL 1
| #define HAVE_STRTOUL 1
| #define HAVE_VSNPRINTF 1
| #define HAVE_IPV6 1
| #define HAVE_SOCKADDR_STORAGE 1
| /* end confdefs.h.  */
| #include <sys/types.h>
|   #include <netinet/in.h>
| 
| int
| main ()
| {
| static struct sockaddr_in ac_i;int ac_j = sizeof(ac_i.sin_len);
|   ;
|   return 0;
| }
configure:16921: result: no
configure:16927: checking for socklen_t
configure:16936: result: yes
configure:16950: checking which port is appropriate for this system
configure:16985: result: Port-linux
configure:17433: creating ./config.status

## ---------------------- ##
## Running config.status. ##
## ---------------------- ##

This file was extended by dibbler config.status 0.8.2, which was
generated by GNU Autoconf 2.68.  Invocation command line was

  CONFIG_FILES    = 
  CONFIG_HEADERS  = 
  CONFIG_LINKS    = 
  CONFIG_COMMANDS = 
  $ ./config.status 

on damo-Satellite-L745D

config.status:1270: creating Makefile
config.status:1270: creating AddrMgr/Makefile
config.status:1270: creating CfgMgr/Makefile
config.status:1270: creating ClntAddrMgr/Makefile
config.status:1270: creating ClntCfgMgr/Makefile
config.status:1270: creating ClntIfaceMgr/Makefile
config.status:1270: creating ClntMessages/Makefile
config.status:1270: creating ClntOptions/Makefile
config.status:1270: creating ClntTransMgr/Makefile
config.status:1270: creating IfaceMgr/Makefile
config.status:1270: creating Messages/Makefile
config.status:1270: creating Misc/Makefile
config.status:1270: creating Options/Makefile
config.status:1270: creating RelCfgMgr/Makefile
config.status:1270: creating RelIfaceMgr/Makefile
config.status:1270: creating RelMessages/Makefile
config.status:1270: creating RelOptions/Makefile
config.status:1270: creating RelTransMgr/Makefile
config.status:1270: creating Requestor/Makefile
config.status:1270: creating SrvAddrMgr/Makefile
config.status:1270: creating SrvCfgMgr/Makefile
config.status:1270: creating SrvIfaceMgr/Makefile
config.status:1270: creating SrvMessages/Makefile
config.status:1270: creating SrvOptions/Makefile
config.status:1270: creating SrvTransMgr/Makefile
config.status:1270: creating poslib/Makefile
config.status:1270: creating Port-linux/Makefile
config.status:1270: creating AddrMgr/tests/Makefile
config.status:1270: creating Options/tests/Makefile
config.status:1270: creating SrvCfgMgr/tests/Makefile
config.status:1270: creating Port-linux/Makefile
config.status:1270: creating Port-bsd/Makefile
config.status:1270: creating Port-win32/Makefile
config.status:1270: creating Port-winnt2k/Makefile
config.status:1270: creating doc/Makefile
config.status:1270: creating Misc/Portable.h
config.status:1270: creating doc/doxygen.cfg
config.status:1270: creating CfgMgr/tests/Makefile
config.status:1270: creating tests/Makefile
config.status:1270: creating tests/Srv/Makefile
config.status:1270: creating include/dibbler-config.h
config.status:1451: include/dibbler-config.h is unchanged
config.status:1499: executing depfiles commands
config.status:1499: executing libtool commands
configure:20041: === configuring in bison++ (/home/damo/Studia/Praca_magisterska/dibbler-v-1.2-master/bison++)
configure:20104: running /bin/bash ./configure --disable-option-checking '--prefix=/usr/local'  --cache-file=/dev/null --srcdir=.

## ---------------- ##
## Cache variables. ##
## ---------------- ##

ac_cv_build=x86_64-unknown-linux-gnu
ac_cv_c_compiler_gnu=yes
ac_cv_c_inline=inline
ac_cv_c_int16_t=yes
ac_cv_c_int32_t=yes
ac_cv_c_int8_t=yes
ac_cv_c_restrict=__restrict
ac_cv_c_uint16_t=yes
ac_cv_c_uint32_t=yes
ac_cv_c_uint64_t=yes
ac_cv_c_uint8_t=yes
ac_cv_cxx_compiler_gnu=yes
ac_cv_env_CCC_set=
ac_cv_env_CCC_value=
ac_cv_env_CC_set=
ac_cv_env_CC_value=
ac_cv_env_CFLAGS_set=
ac_cv_env_CFLAGS_value=
ac_cv_env_CPPFLAGS_set=
ac_cv_env_CPPFLAGS_value=
ac_cv_env_CPP_set=
ac_cv_env_CPP_value=
ac_cv_env_CXXCPP_set=
ac_cv_env_CXXCPP_value=
ac_cv_env_CXXFLAGS_set=
ac_cv_env_CXXFLAGS_value=
ac_cv_env_CXX_set=
ac_cv_env_CXX_value=
ac_cv_env_LDFLAGS_set=
ac_cv_env_LDFLAGS_value=
ac_cv_env_LIBS_set=
ac_cv_env_LIBS_value=
ac_cv_env_build_alias_set=
ac_cv_env_build_alias_value=
ac_cv_env_host_alias_set=
ac_cv_env_host_alias_value=
ac_cv_env_target_alias_set=
ac_cv_env_target_alias_value=
ac_cv_func_alloca_works=yes
ac_cv_func_bzero=yes
ac_cv_func_fork=yes
ac_cv_func_fork_works=yes
ac_cv_func_gethostbyaddr=yes
ac_cv_func_gethostbyname=yes
ac_cv_func_gethostname=yes
ac_cv_func_gettimeofday=yes
ac_cv_func_inet_aton=yes
ac_cv_func_inet_ntoa=yes
ac_cv_func_malloc_0_nonnull=yes
ac_cv_func_memchr=yes
ac_cv_func_memmove=yes
ac_cv_func_memset=yes
ac_cv_func_realloc_0_nonnull=yes
ac_cv_func_select=yes
ac_cv_func_socket=yes
ac_cv_func_strcasecmp=yes
ac_cv_func_strchr=yes
ac_cv_func_strdup=yes
ac_cv_func_strerror=yes
ac_cv_func_strncasecmp=yes
ac_cv_func_strstr=yes
ac_cv_func_strtol=yes
ac_cv_func_strtoul=yes
ac_cv_func_vfork=yes
ac_cv_func_vfork_works=yes
ac_cv_have_decl_IPV6_PKTINFO=yes
ac_cv_have_decl_IPV6_RECVPKTINFO=yes
ac_cv_header_arpa_inet_h=yes
ac_cv_header_dlfcn_h=yes
ac_cv_header_ext_slist=yes
ac_cv_header_fcntl_h=yes
ac_cv_header_inttypes_h=yes
ac_cv_header_limits_h=yes
ac_cv_header_malloc_h=yes
ac_cv_header_memory_h=yes
ac_cv_header_netdb_h=yes
ac_cv_header_netinet_in_h=yes
ac_cv_header_poll_h=yes
ac_cv_header_slist=no
ac_cv_header_stdbool_h=yes
ac_cv_header_stdc=yes
ac_cv_header_stddef_h=yes
ac_cv_header_stdint_h=yes
ac_cv_header_stdlib_h=yes
ac_cv_header_string_h=yes
ac_cv_header_strings_h=yes
ac_cv_header_sys_ioctl_h=yes
ac_cv_header_sys_poll_h=yes
ac_cv_header_sys_select_h=yes
ac_cv_header_sys_socket_h=yes
ac_cv_header_sys_stat_h=yes
ac_cv_header_sys_time_h=yes
ac_cv_header_sys_types_h=yes
ac_cv_header_syslog_h=yes
ac_cv_header_unistd_h=yes
ac_cv_header_vfork_h=no
ac_cv_header_wchar_h=yes
ac_cv_header_winsock2_h=no
ac_cv_host=x86_64-unknown-linux-gnu
ac_cv_objext=o
ac_cv_path_EGREP='/bin/grep -E'
ac_cv_path_FGREP='/bin/grep -F'
ac_cv_path_GREP=/bin/grep
ac_cv_path_SED=/bin/sed
ac_cv_path_install='/usr/bin/install -c'
ac_cv_path_mkdir=/bin/mkdir
ac_cv_prog_AWK=mawk
ac_cv_prog_CPP='gcc -E'
ac_cv_prog_CXXCPP='g++ -E'
ac_cv_prog_ac_ct_AR=ar
ac_cv_prog_ac_ct_CC=gcc
ac_cv_prog_ac_ct_CXX=g++
ac_cv_prog_ac_ct_MANIFEST_TOOL=mt
ac_cv_prog_ac_ct_OBJDUMP=objdump
ac_cv_prog_ac_ct_RANLIB=ranlib
ac_cv_prog_ac_ct_STRIP=strip
ac_cv_prog_cc_c89=
ac_cv_prog_cc_g=yes
ac_cv_prog_cxx_g=yes
ac_cv_prog_make_make_set=yes
ac_cv_type__Bool=no
ac_cv_type_pid_t=yes
ac_cv_type_size_t=yes
ac_cv_type_ssize_t=yes
ac_cv_working_alloca_h=yes
am_cv_CC_dependencies_compiler_type=gcc3
am_cv_CXX_dependencies_compiler_type=gcc3
lt_cv_ar_at_file=@
lt_cv_deplibs_check_method=pass_all
lt_cv_file_magic_cmd='$MAGIC_CMD'
lt_cv_file_magic_test_file=
lt_cv_ld_reload_flag=-r
lt_cv_nm_interface='BSD nm'
lt_cv_objdir=.libs
lt_cv_path_LD=/usr/bin/ld
lt_cv_path_LDCXX='/usr/bin/ld -m elf_x86_64'
lt_cv_path_NM='/usr/bin/nm -B'
lt_cv_path_mainfest_tool=no
lt_cv_prog_compiler_c_o=yes
lt_cv_prog_compiler_c_o_CXX=yes
lt_cv_prog_compiler_pic='-fPIC -DPIC'
lt_cv_prog_compiler_pic_CXX='-fPIC -DPIC'
lt_cv_prog_compiler_pic_works=yes
lt_cv_prog_compiler_pic_works_CXX=yes
lt_cv_prog_compiler_rtti_exceptions=no
lt_cv_prog_compiler_static_works=yes
lt_cv_prog_compiler_static_works_CXX=yes
lt_cv_prog_gnu_ld=yes
lt_cv_prog_gnu_ldcxx=yes
lt_cv_sharedlib_from_linklib_cmd='printf %s\n'
lt_cv_shlibpath_overrides_runpath=no
lt_cv_sys_global_symbol_pipe='sed -n -e '\''s/^.*[	 ]\([ABCDGIRSTW][ABCDGIRSTW]*\)[	 ][	 ]*\([_A-Za-z][_A-Za-z0-9]*\)$/\1 \2 \2/p'\'' | sed '\''/ __gnu_lto/d'\'''
lt_cv_sys_global_symbol_to_c_name_address='sed -n -e '\''s/^: \([^ ]*\)[ ]*$/  {\"\1\", (void *) 0},/p'\'' -e '\''s/^[ABCDGIRSTW]* \([^ ]*\) \([^ ]*\)$/  {"\2", (void *) \&\2},/p'\'''
lt_cv_sys_global_symbol_to_c_name_address_lib_prefix='sed -n -e '\''s/^: \([^ ]*\)[ ]*$/  {\"\1\", (void *) 0},/p'\'' -e '\''s/^[ABCDGIRSTW]* \([^ ]*\) \(lib[^ ]*\)$/  {"\2", (void *) \&\2},/p'\'' -e '\''s/^[ABCDGIRSTW]* \([^ ]*\) \([^ ]*\)$/  {"lib\2", (void *) \&\2},/p'\'''
lt_cv_sys_global_symbol_to_cdecl='sed -n -e '\''s/^T .* \(.*\)$/extern int \1();/p'\'' -e '\''s/^[ABCDGIRSTW]* .* \(.*\)$/extern char \1;/p'\'''
lt_cv_sys_max_cmd_len=1572864
lt_cv_to_host_file_cmd=func_convert_file_noop
lt_cv_to_tool_file_cmd=func_convert_file_noop

## ----------------- ##
## Output variables. ##
## ----------------- ##

ACLOCAL='${SHELL} /home/damo/Studia/Praca_magisterska/dibbler-v-1.2-master/missing --run aclocal-1.11'
ALLOCA=''
AMDEPBACKSLASH='\'
AMDEP_FALSE='#'
AMDEP_TRUE=''
AMTAR='${SHELL} /home/damo/Studia/Praca_magisterska/dibbler-v-1.2-master/missing --run tar'
AM_BACKSLASH='\'
AM_DEFAULT_VERBOSITY='1'
AR='ar'
ARCH='LINUX'
AUTOCONF='${SHELL} /home/damo/Studia/Praca_magisterska/dibbler-v-1.2-master/missing --run autoconf'
AUTOHEADER='${SHELL} /home/damo/Studia/Praca_magisterska/dibbler-v-1.2-master/missing --run autoheader'
AUTOMAKE='${SHELL} /home/damo/Studia/Praca_magisterska/dibbler-v-1.2-master/missing --run automake-1.11'
AWK='mawk'
CC='gcc'
CCDEPMODE='depmode=gcc3'
CFLAGS=' -std=c99 '
CPP='gcc -E'
CPPFLAGS='-O2  -DLINUX -Wall -pedantic -funsigned-char -DMOD_CLNT_BIND_REUSE -DMOD_CLNT_CONFIRM'
CXX='g++'
CXXCPP='g++ -E'
CXXDEPMODE='depmode=gcc3'
CXXFLAGS=''
CYGPATH_W='echo'
DEFS='-DHAVE_CONFIG_H'
DEPDIR='.deps'
DLLTOOL='false'
DSYMUTIL=''
DUMPBIN=''
ECHO_C=''
ECHO_N='-n'
ECHO_T=''
EGREP='/bin/grep -E'
EXEEXT=''
EXTRA_DIST_SUBDIRS='Port-bsd Port-winnt2k'
FGREP='/bin/grep -F'
GREP='/bin/grep'
GTEST_INCLUDES=''
GTEST_LDADD=''
GTEST_LDFLAGS=''
HAVE_GTEST_FALSE=''
HAVE_GTEST_TRUE='#'
INSTALL_DATA='${INSTALL} -m 644'
INSTALL_PROGRAM='${INSTALL}'
INSTALL_SCRIPT='${INSTALL}'
INSTALL_STRIP_PROGRAM='$(install_sh) -c -s'
LD='/usr/bin/ld -m elf_x86_64'
LDFLAGS=' -lpthread'
LIBOBJS=''
LIBS=''
LIBTOOL='$(SHELL) $(top_builddir)/libtool'
LINKPRINT=''
LIPO=''
LN_S='ln -s'
LTLIBOBJS=''
MAINT='#'
MAINTAINER_MODE_FALSE=''
MAINTAINER_MODE_TRUE='#'
MAKEINFO='${SHELL} /home/damo/Studia/Praca_magisterska/dibbler-v-1.2-master/missing --run makeinfo'
MANIFEST_TOOL=':'
MKDIR_P='/bin/mkdir -p'
NM='/usr/bin/nm -B'
NMEDIT=''
OBJDUMP='objdump'
OBJEXT='o'
OTOOL64=''
OTOOL=''
PACKAGE='dibbler'
PACKAGE_BUGREPORT='dibbler@klub.com.pl'
PACKAGE_NAME='dibbler'
PACKAGE_STRING='dibbler 0.8.2'
PACKAGE_TARNAME='dibbler'
PACKAGE_URL=''
PACKAGE_VERSION='0.8.2'
PATH_SEPARATOR=':'
PORT_CFLAGS=''
PORT_LDFLAGS='-lpthread'
PORT_SUBDIR='Port-linux'
RANLIB='ranlib'
RESOLVCONF_FALSE=''
RESOLVCONF_TRUE='#'
SED='/bin/sed'
SET_MAKE=''
SHELL='/bin/bash'
STRIP='strip'
VERSION='0.8.2'
ac_ct_AR='ar'
ac_ct_CC='gcc'
ac_ct_CXX='g++'
ac_ct_DUMPBIN=''
am__EXEEXT_FALSE=''
am__EXEEXT_TRUE='#'
am__fastdepCC_FALSE='#'
am__fastdepCC_TRUE=''
am__fastdepCXX_FALSE='#'
am__fastdepCXX_TRUE=''
am__include='include'
am__isrc=''
am__leading_dot='.'
am__quote=''
am__tar='${AMTAR} chof - "$$tardir"'
am__untar='${AMTAR} xf -'
bindir='${exec_prefix}/bin'
build='x86_64-unknown-linux-gnu'
build_alias=''
build_cpu='x86_64'
build_os='linux-gnu'
build_vendor='unknown'
datadir='${datarootdir}'
datarootdir='${prefix}/share'
docdir='${datarootdir}/doc/${PACKAGE_TARNAME}'
dvidir='${docdir}'
exec_prefix='${prefix}'
host='x86_64-unknown-linux-gnu'
host_alias=''
host_cpu='x86_64'
host_os='linux-gnu'
host_vendor='unknown'
htmldir='${docdir}'
includedir='${prefix}/include'
infodir='${datarootdir}/info'
install_sh='${SHELL} /home/damo/Studia/Praca_magisterska/dibbler-v-1.2-master/install-sh'
libdir='${exec_prefix}/lib'
libexecdir='${exec_prefix}/libexec'
localedir='${datarootdir}/locale'
localstatedir='${prefix}/var'
mandir='${datarootdir}/man'
mkdir_p='/bin/mkdir -p'
oldincludedir='/usr/include'
pdfdir='${docdir}'
prefix='/usr/local'
program_transform_name='s,x,x,'
psdir='${docdir}'
sbindir='${exec_prefix}/sbin'
sharedstatedir='${prefix}/com'
subdirs=' bison++'
sysconfdir='${prefix}/etc'
target_alias=''

## ----------- ##
## confdefs.h. ##
## ----------- ##

/* confdefs.h */
#define PACKAGE_NAME "dibbler"
#define PACKAGE_TARNAME "dibbler"
#define PACKAGE_VERSION "0.8.2"
#define PACKAGE_STRING "dibbler 0.8.2"
#define PACKAGE_BUGREPORT "dibbler@klub.com.pl"
#define PACKAGE_URL ""
#define PACKAGE "dibbler"
#define VERSION "0.8.2"
#define STDC_HEADERS 1
#define HAVE_SYS_TYPES_H 1
#define HAVE_SYS_STAT_H 1
#define HAVE_STDLIB_H 1
#define HAVE_STRING_H 1
#define HAVE_MEMORY_H 1
#define HAVE_STRINGS_H 1
#define HAVE_INTTYPES_H 1
#define HAVE_STDINT_H 1
#define HAVE_UNISTD_H 1
#define HAVE_DLFCN_H 1
#define LT_OBJDIR ".libs/"
#define STDC_HEADERS 1
#define HAVE_ALLOCA_H 1
#define HAVE_ALLOCA 1
#define HAVE_ARPA_INET_H 1
#define HAVE_FCNTL_H 1
#define HAVE_INTTYPES_H 1
#define HAVE_LIMITS_H 1
#define HAVE_MALLOC_H 1
#define HAVE_NETDB_H 1
#define HAVE_NETINET_IN_H 1
#define HAVE_STDDEF_H 1
#define HAVE_STDINT_H 1
#define HAVE_STDLIB_H 1
#define HAVE_STRING_H 1
#define HAVE_SYS_IOCTL_H 1
#define HAVE_SYS_SOCKET_H 1
#define HAVE_SYS_TIME_H 1
#define HAVE_SYSLOG_H 1
#define HAVE_UNISTD_H 1
#define HAVE_WCHAR_H 1
#define HAVE_POLL_H 1
#define HAVE_SYS_POLL_H 1
#define HAVE_SYS_SELECT_H 1
#define HAVE_EXT_SLIST 1
#define HAVE_POLL 1
#define HAVE_DECL_IPV6_PKTINFO 1
#define HAVE_DECL_IPV6_RECVPKTINFO 1
#define HAVE_STDBOOL_H 1
#define restrict __restrict
#define HAVE_FORK 1
#define HAVE_VFORK 1
#define HAVE_WORKING_VFORK 1
#define HAVE_WORKING_FORK 1
#define HAVE_STDLIB_H 1
#define HAVE_MALLOC 1
#define HAVE_STDLIB_H 1
#define HAVE_REALLOC 1
#define HAVE_BZERO 1
#define HAVE_GETHOSTBYADDR 1
#define HAVE_GETHOSTNAME 1
#define HAVE_GETHOSTBYNAME 1
#define HAVE_GETTIMEOFDAY 1
#define HAVE_INET_NTOA 1
#define HAVE_INET_ATON 1
#define HAVE_MEMCHR 1
#define HAVE_MEMMOVE 1
#define HAVE_MEMSET 1
#define HAVE_SELECT 1
#define HAVE_SOCKET 1
#define HAVE_STRCASECMP 1
#define HAVE_STRCHR 1
#define HAVE_STRDUP 1
#define HAVE_STRERROR 1
#define HAVE_STRNCASECMP 1
#define HAVE_STRSTR 1
#define HAVE_STRTOL 1
#define HAVE_STRTOUL 1
#define HAVE_VSNPRINTF 1
#define HAVE_IPV6 1
#define HAVE_SOCKADDR_STORAGE 1
#define HAVE_SOCKLEN_T 1

configure: exit 0

## ---------------------- ##
## Running config.status. ##
## ---------------------- ##

This file was extended by dibbler config.status 0.8.2, which was
generated by GNU Autoconf 2.68.  Invocation command line was

  CONFIG_FILES    = 
  CONFIG_HEADERS  = 
  CONFIG_LINKS    = 
  CONFIG_COMMANDS = 
  $ ./config.status Misc/Portable.h

on damo-Satellite-L745D

config.status:1270: creating Misc/Portable.h
